--------------- Build Started: 04/18/2021 12:12:14 Project: Interface, Configuration: ARM GCC 5.4-2016-q2-update Debug ---------------
The code generation step is up to date.
The compile step is up to date, no work needs to be done.
The link step is up to date, no work needs to be done.
arm-none-eabi-gcc.exe -mcpu=cortex-m4 -mfloat-abi=softfp -mfpu=fpv4-sp-d16 -mthumb -I.\Config -I.\GUI\Core -I.\GUI\DisplayDriver "-I.\eInk Library" -I.\CMSIS\Core\Include -I.\CMSIS\DSP\Include -I. -IGenerated_Source\PSoC6 -IGenerated_Source\PSoC6\pdl\cmsis/include/ -IGenerated_Source\PSoC6\pdl\devices/psoc6/include/ -IGenerated_Source\PSoC6\pdl\devices/psoc6/include/ip/ -IGenerated_Source\PSoC6\pdl\drivers/peripheral/ -IGenerated_Source\PSoC6\pdl\drivers/peripheral/device/ -IGenerated_Source\PSoC6\pdl\drivers/peripheral/efuse/ -IGenerated_Source\PSoC6\pdl\drivers/peripheral/flash/ -IGenerated_Source\PSoC6\pdl\drivers/peripheral/gpio/ -IGenerated_Source\PSoC6\pdl\drivers/peripheral/ipc/ -IGenerated_Source\PSoC6\pdl\drivers/peripheral/lvd/ -IGenerated_Source\PSoC6\pdl\drivers/peripheral/profile/ -IGenerated_Source\PSoC6\pdl\drivers/peripheral/prot/ -IGenerated_Source\PSoC6\pdl\drivers/peripheral/scb/ -IGenerated_Source\PSoC6\pdl\drivers/peripheral/sysanalog/ -IGenerated_Source\PSoC6\pdl\drivers/peripheral/sysclk/ -IGenerated_Source\PSoC6\pdl\drivers/peripheral/sysint/ -IGenerated_Source\PSoC6\pdl\drivers/peripheral/syslib/ -IGenerated_Source\PSoC6\pdl\drivers/peripheral/syspm/ -IGenerated_Source\PSoC6\pdl\drivers/peripheral/systick/ -IGenerated_Source\PSoC6\pdl\drivers/peripheral/tcpwm/ -IGenerated_Source\PSoC6\pdl\drivers/peripheral/trigmux/ -IGenerated_Source\PSoC6\pdl\drivers/peripheral/wdt/ -IGenerated_Source\PSoC6\pdl\middleware/ -IGenerated_Source\PSoC6\pdl\middleware/emWin/code/drivers/BitPlains/ -IGenerated_Source\PSoC6\pdl\middleware/emWin/code/include/ -IGenerated_Source\PSoC6\pdl\middleware/emWin/code/include/osnts_softfp/ -IGenerated_Source\PSoC6\pdl\rtos/FreeRTOS/10.0.1/Source/include/ -IGenerated_Source\PSoC6\pdl\rtos/FreeRTOS/10.0.1/Source/portable/GCC/CM4F/ -IGenerated_Source\PSoC6\pdl\utilities/ -Wa,-alh=.\CortexM4\ARM_GCC_541\Debug/traitementSignal.lst -g -D DEBUG -D CY_CORE_ID=0 -D ARM_MATH_CM4 -D CY_PSOC_CREATOR_USED=1 -D CY8C6347BZI_BLD53 -Wall -ffunction-sections -ffat-lto-objects -Og -c traitementSignal.c -o .\CortexM4\ARM_GCC_541\Debug\traitementSignal.o
traitementSignal.c: In function 'filtre':
traitementSignal.c:70:16: warning: assignment from incompatible pointer type [-Wincompatible-pointer-types]
     vecteurBrut=&signal[0];
                ^
traitementSignal.c:76:22: warning: passing argument 1 of 'arm_fir_init_f32' from incompatible pointer type [-Wincompatible-pointer-types]
     arm_fir_init_f32(&structureFiltre,nombreCoefficients,&Coefficients[0],&stateBuffer[0],blockSize);
                      ^
In file included from traitementSignal.h:19:0,
                 from traitementSignal.c:13:
.\CMSIS\DSP\Include/arm_math.h:1190:8: note: expected 'arm_fir_instance_f32 * {aka struct <anonymous> *}' but argument is of type 'arm_fir_instance_f32 ** {aka struct <anonymous> **}'
   void arm_fir_init_f32(
        ^
traitementSignal.c:76:75: warning: passing argument 4 of 'arm_fir_init_f32' from incompatible pointer type [-Wincompatible-pointer-types]
     arm_fir_init_f32(&structureFiltre,nombreCoefficients,&Coefficients[0],&stateBuffer[0],blockSize);
                                                                           ^
In file included from traitementSignal.h:19:0,
                 from traitementSignal.c:13:
.\CMSIS\DSP\Include/arm_math.h:1190:8: note: expected 'float32_t * {aka float *}' but argument is of type 'float32_t ** {aka float **}'
   void arm_fir_init_f32(
        ^
traitementSignal.c:79:17: warning: passing argument 1 of 'arm_fir_f32' from incompatible pointer type [-Wincompatible-pointer-types]
     arm_fir_f32(&structureFiltre,vecteurBrut,vecteurClean,blockSize); // voir si on doit mettre les [0] ou pas, dans le code exemple en ligne ils en mettent pas ici
                 ^
In file included from traitementSignal.h:19:0,
                 from traitementSignal.c:13:
.\CMSIS\DSP\Include/arm_math.h:1175:8: note: expected 'const arm_fir_instance_f32 * {aka const struct <anonymous> *}' but argument is of type 'arm_fir_instance_f32 ** {aka struct <anonymous> **}'
   void arm_fir_f32(
        ^
traitementSignal.c: In function 'traitement_signal':
traitementSignal.c:103:18: warning: passing argument 1 of 'arm_mean_f32' from incompatible pointer type [-Wincompatible-pointer-types]
     arm_mean_f32(&vectorRed,blockSize,&mean); // Fonction qui ressort dans la variable "mean" la valeur moyenne du vecteur vectorBattementRed, ce qui donne la composante DCr pour le battement actuel
                  ^
In file included from traitementSignal.h:19:0,
                 from traitementSignal.c:13:
.\CMSIS\DSP\Include/arm_math.h:6173:8: note: expected 'float32_t * {aka float *}' but argument is of type 'volatile int32_t (*)[750] {aka volatile long int (*)[750]}'
   void arm_mean_f32(
        ^
traitementSignal.c:105:18: warning: passing argument 1 of 'arm_mean_f32' from incompatible pointer type [-Wincompatible-pointer-types]
     arm_mean_f32(&vectorInfra,blockSize,&mean); // Fonction qui ressort dans la variable "mean" la valeur moyenne du vecteur vectorBattementInfra, ce qui donne la composante DCI pour le battement actuel
                  ^
In file included from traitementSignal.h:19:0,
                 from traitementSignal.c:13:
.\CMSIS\DSP\Include/arm_math.h:6173:8: note: expected 'float32_t * {aka float *}' but argument is of type 'volatile int32_t (*)[750] {aka volatile long int (*)[750]}'
   void arm_mean_f32(
        ^
traitementSignal.c:128:17: warning: passing argument 1 of 'arm_max_f32' from incompatible pointer type [-Wincompatible-pointer-types]
     arm_max_f32(&vectorRed[0],nombreSamples,&maxTraitementRed,&positionMaxRed); //après cette ligne, la valeur de maxx sera la valeur du max du vecteur, et la valeur de position sera l'indice du max
                 ^
In file included from traitementSignal.h:19:0,
                 from traitementSignal.c:13:
.\CMSIS\DSP\Include/arm_math.h:6518:8: note: expected 'float32_t * {aka float *}' but argument is of type 'volatile int32_t * {aka volatile long int *}'
   void arm_max_f32(
        ^
traitementSignal.c:131:17: warning: passing argument 1 of 'arm_max_f32' from incompatible pointer type [-Wincompatible-pointer-types]
     arm_max_f32(&vectorRed[0],nombreSamples,&minTraitementRed,&positionMinRed);
                 ^
In file included from traitementSignal.h:19:0,
                 from traitementSignal.c:13:
.\CMSIS\DSP\Include/arm_math.h:6518:8: note: expected 'float32_t * {aka float *}' but argument is of type 'volatile int32_t * {aka volatile long int *}'
   void arm_max_f32(
        ^
traitementSignal.c:259:18: warning: passing argument 1 of 'arm_mean_f32' from incompatible pointer type [-Wincompatible-pointer-types]
     arm_mean_f32(&rythmeCard,nbBattements-1,&meanRythm); // permet d'obtenir, dans la variable meanRythm, la moyenne du rythme cardiaque sur la période analysée
                  ^
In file included from traitementSignal.h:19:0,
                 from traitementSignal.c:13:
.\CMSIS\DSP\Include/arm_math.h:6173:8: note: expected 'float32_t * {aka float *}' but argument is of type 'float (*)[(sizetype)(nbBattements + -1)]'
   void arm_mean_f32(
        ^
traitementSignal.c:260:18: warning: passing argument 1 of 'arm_mean_f32' from incompatible pointer type [-Wincompatible-pointer-types]
     arm_mean_f32(&SPO2,nbBattements-1,&meanSPO2);    // Permet d'obtenir, dans la variable meanSPO2, la moyenne de la saturation en oxygène sur la période analysée
                  ^
In file included from traitementSignal.h:19:0,
                 from traitementSignal.c:13:
.\CMSIS\DSP\Include/arm_math.h:6173:8: note: expected 'float32_t * {aka float *}' but argument is of type 'float32 (*)[(sizetype)(nbBattements + -1)]'
   void arm_mean_f32(
        ^
traitementSignal.c:169:9: warning: unused variable 'infraPositionMinRel' [-Wunused-variable]
     int infraPositionMinRel[borneNombreBattements]; // Vecteur qui contiendra les indices des points où il y a des minimums relatifs dans le vecteur en traitement (pour l'infrarouge).
         ^
traitementSignal.c:167:9: warning: unused variable 'infraPositionMaxRel' [-Wunused-variable]
     int infraPositionMaxRel[borneNombreBattements]; // Vecteur qui contiendra les indices des points où il y a des maximum relatifs dans le vecteur en traitement (pour l'infrarouge).
         ^
traitementSignal.c:164:9: warning: unused variable 'redPositionMinRel' [-Wunused-variable]
     int redPositionMinRel[borneNombreBattements]; // Vecteur qui contiendra les indices des points où il y a des minimums relatifs dans le vecteur en traitement (pour le rouge).
         ^
traitementSignal.c:157:11: warning: unused variable 'seuilRed' [-Wunused-variable]
     float seuilRed=maxTraitementRed-(amplitudeMaxRed/2)*coeffSensibilite; // Seuil au-dessus ou en-dessous duquel il faut qu'une valeur se trouve pour être considérée comme un maximum ou minimum relatif. Avec le coefficient de sensibilité qui vaut 1, le seuil se trouve environ à la valeur moyenne si l'on considère le signal comme une fonction sinusoïdale
           ^
traitementSignal.c:92:15: warning: unused variable 'vectorBrutInfra' [-Wunused-variable]
     float32_t vectorBrutInfra[nombreSamples];            // Copie du vecteur non traité du signal pour la longueur d'onde rouge
               ^
traitementSignal.c:91:15: warning: unused variable 'vectorBrutRed' [-Wunused-variable]
     float32_t vectorBrutRed[nombreSamples];              // Copie du vecteur non traité du signal pour la longueur d'onde rouge
               ^
arm-none-eabi-gcc.exe -Wl,--start-group -o "C:\Users\markm\Desktop\GBM2100 - Projet Instrum\Projet\SourceTree_Files\GBM2100_ProjetInterface\Interface.cydsn\CortexM4\ARM_GCC_541\Debug\Interface_link.elf" Generated_Source\PSoC6\pdl\middleware\emWin\libs\GCC\libemWin_osnts_gcc.a .\CortexM4\ARM_GCC_541\Debug\startup_psoc6_01_cm4.o .\CortexM4\ARM_GCC_541\Debug\main_cm4.o .\CortexM4\ARM_GCC_541\Debug\system_psoc6_cm4.o .\CortexM4\ARM_GCC_541\Debug\TasksInterface.o .\CortexM4\ARM_GCC_541\Debug\traitementSignal.o .\CortexM4\ARM_GCC_541\Debug\motionTask.o .\CortexM4\ARM_GCC_541\Debug\Max30102_task.o .\CortexM4\ARM_GCC_541\Debug\pervasive_eink_hardware_driver.o .\CortexM4\ARM_GCC_541\Debug\cy_eink_library.o .\CortexM4\ARM_GCC_541\Debug\cy_eink_psoc_interface.o ".\CortexM4\ARM_GCC_541\Debug\Cypress Logo Full Color_PNG_1bpp.o" .\CortexM4\ARM_GCC_541\Debug\bmi160.o .\CortexM4\ARM_GCC_541\Debug\LCDConf.o .\CortexM4\ARM_GCC_541\Debug\GUI_X_RTOS.o .\CortexM4\ARM_GCC_541\Debug\GUIConf.o .\CortexM4\ARM_GCC_541\Debug\stdio_user.o .\CortexM4\ARM_GCC_541\Debug\cyfitter_sysint_cfg.o .\CortexM4\ARM_GCC_541\Debug\cymetadata.o .\CortexM4\ARM_GCC_541\Debug\CY_EINK_SPIM.o .\CortexM4\ARM_GCC_541\Debug\CY_EINK_Timer.o .\CortexM4\ARM_GCC_541\Debug\cy_efuse.o .\CortexM4\ARM_GCC_541\Debug\cy_flash.o .\CortexM4\ARM_GCC_541\Debug\cy_gpio.o .\CortexM4\ARM_GCC_541\Debug\cy_ipc_drv.o .\CortexM4\ARM_GCC_541\Debug\cy_ipc_sema.o .\CortexM4\ARM_GCC_541\Debug\cy_ipc_pipe.o .\CortexM4\ARM_GCC_541\Debug\cy_lvd.o .\CortexM4\ARM_GCC_541\Debug\cy_profile.o .\CortexM4\ARM_GCC_541\Debug\cy_prot.o .\CortexM4\ARM_GCC_541\Debug\cy_scb_common.o .\CortexM4\ARM_GCC_541\Debug\cy_scb_i2c.o .\CortexM4\ARM_GCC_541\Debug\cy_scb_ezi2c.o .\CortexM4\ARM_GCC_541\Debug\cy_scb_spi.o .\CortexM4\ARM_GCC_541\Debug\cy_scb_uart.o .\CortexM4\ARM_GCC_541\Debug\cy_sysanalog.o .\CortexM4\ARM_GCC_541\Debug\cy_sysclk.o .\CortexM4\ARM_GCC_541\Debug\cy_sysint.o .\CortexM4\ARM_GCC_541\Debug\cy_syslib.o .\CortexM4\ARM_GCC_541\Debug\cy_syslib_gcc.o .\CortexM4\ARM_GCC_541\Debug\cy_syspm.o .\CortexM4\ARM_GCC_541\Debug\cy_systick.o .\CortexM4\ARM_GCC_541\Debug\cy_tcpwm_counter.o .\CortexM4\ARM_GCC_541\Debug\cy_tcpwm_pwm.o .\CortexM4\ARM_GCC_541\Debug\cy_tcpwm_quaddec.o .\CortexM4\ARM_GCC_541\Debug\cy_trigmux.o .\CortexM4\ARM_GCC_541\Debug\cy_wdt.o .\CortexM4\ARM_GCC_541\Debug\cy_device.o .\CortexM4\ARM_GCC_541\Debug\cy_ble_clk.o .\CortexM4\ARM_GCC_541\Debug\croutine.o .\CortexM4\ARM_GCC_541\Debug\event_groups.o .\CortexM4\ARM_GCC_541\Debug\list.o .\CortexM4\ARM_GCC_541\Debug\queue.o .\CortexM4\ARM_GCC_541\Debug\tasks.o .\CortexM4\ARM_GCC_541\Debug\timers.o .\CortexM4\ARM_GCC_541\Debug\stream_buffer.o .\CortexM4\ARM_GCC_541\Debug\port.o .\CortexM4\ARM_GCC_541\Debug\heap_1.o .\CortexM4\ARM_GCC_541\Debug\retarget.o .\CortexM4\ARM_GCC_541\Debug\CapSense_Control.o .\CortexM4\ARM_GCC_541\Debug\CapSense_Processing.o .\CortexM4\ARM_GCC_541\Debug\CapSense_Structure.o .\CortexM4\ARM_GCC_541\Debug\CapSense_Tuner.o .\CortexM4\ARM_GCC_541\Debug\CapSense_Filter.o .\CortexM4\ARM_GCC_541\Debug\CapSense_Sensing.o .\CortexM4\ARM_GCC_541\Debug\CapSense_INT.o .\CortexM4\ARM_GCC_541\Debug\CapSense_SensingCSD_LL.o .\CortexM4\ARM_GCC_541\Debug\CapSense_SensingCSX_LL.o .\CortexM4\ARM_GCC_541\Debug\CapSense_Centroid_LL.o .\CortexM4\ARM_GCC_541\Debug\I2C_1.o .\CortexM4\ARM_GCC_541\Debug\I2C_MAX.o "C:\Program Files (x86)\Cypress\PSoC Creator\4.4\PSoC Creator\psoc\content\CyComponentLibrary\CyComponentLibrary.cylib\CapSense_v3_0\Library\CapSense_Library_GCC_M4.a" -mcpu=cortex-m4 -mfloat-abi=softfp -mfpu=fpv4-sp-d16 -mthumb -l m -L Generated_Source\PSoC6 .\CMSIS\Lib\GCC\libarm_cortexM4l_math.a -Wl,-Map,.\CortexM4\ARM_GCC_541\Debug/Interface.map -T cy8c6xx7_cm4_dual.ld -specs=nano.specs -Wl,--gc-sections -g -ffunction-sections -Og -ffat-lto-objects -Wl,--end-group
"C:\Program Files (x86)\Cypress\PDL\3.1.3\tools\win\elf\cymcuelftool.exe" --sign "C:\Users\markm\Desktop\GBM2100 - Projet Instrum\Projet\SourceTree_Files\GBM2100_ProjetInterface\Interface.cydsn\CortexM4\ARM_GCC_541\Debug\Interface_link.elf" --output "C:\Users\markm\Desktop\GBM2100 - Projet Instrum\Projet\SourceTree_Files\GBM2100_ProjetInterface\Interface.cydsn\CortexM4\ARM_GCC_541\Debug\Interface_signed.elf" --hex "C:\Users\markm\Desktop\GBM2100 - Projet Instrum\Projet\SourceTree_Files\GBM2100_ProjetInterface\Interface.cydsn\CortexM4\ARM_GCC_541\Debug\Interface_signed.hex"
No ELF section .cychecksum found, creating one
Application checksum calculated and stored in ELF section .cychecksum
Checksum calculated and stored in ELF section .cymeta
"C:\Program Files (x86)\Cypress\PDL\3.1.3\tools\win\elf\cymcuelftool.exe" --merge "C:\Users\markm\Desktop\GBM2100 - Projet Instrum\Projet\SourceTree_Files\GBM2100_ProjetInterface\Interface.cydsn\CortexM4\ARM_GCC_541\Debug\Interface_signed.elf" "C:\Users\markm\Desktop\GBM2100 - Projet Instrum\Projet\SourceTree_Files\GBM2100_ProjetInterface\Interface.cydsn\CortexM0p\ARM_GCC_541\Debug\Interface.elf" --output "C:\Users\markm\Desktop\GBM2100 - Projet Instrum\Projet\SourceTree_Files\GBM2100_ProjetInterface\Interface.cydsn\CortexM4\ARM_GCC_541\Debug\Interface.elf" --hex "C:\Users\markm\Desktop\GBM2100 - Projet Instrum\Projet\SourceTree_Files\GBM2100_ProjetInterface\Interface.cydsn\CortexM4\ARM_GCC_541\Debug\Interface.hex"
Application checksum calculated and stored in ELF section .cychecksum
Checksum calculated and stored in ELF section .cymeta
"C:\Program Files (x86)\Cypress\PDL\3.1.3\tools\win\elf\cymcuelftool.exe" -A "C:\Users\markm\Desktop\GBM2100 - Projet Instrum\Projet\SourceTree_Files\GBM2100_ProjetInterface\Interface.cydsn\CortexM4\ARM_GCC_541\Debug\Interface.elf"
code:74704	sram:96476
--------------- Build Succeeded: 04/18/2021 12:12:18 ---------------
