ARM GAS  C:\Users\markm\AppData\Local\Temp\ccifWWXA.s 			page 1


   1              		.syntax unified
   2              		.cpu cortex-m4
   3              		.eabi_attribute 27, 1
   4              		.fpu fpv4-sp-d16
   5              		.eabi_attribute 20, 1
   6              		.eabi_attribute 21, 1
   7              		.eabi_attribute 23, 3
   8              		.eabi_attribute 24, 1
   9              		.eabi_attribute 25, 1
  10              		.eabi_attribute 26, 1
  11              		.eabi_attribute 30, 1
  12              		.eabi_attribute 34, 1
  13              		.eabi_attribute 18, 4
  14              		.thumb
  15              		.syntax unified
  16              		.file	"Old Version Traitement.c"
  17              		.text
  18              	.Ltext0:
  19              		.cfi_sections	.debug_frame
  20              	.Letext0:
  21              		.section	.debug_line,"",%progbits
  22              	.Ldebug_line0:
  23              		.section	.debug_str,"MS",%progbits,1
  24              	.LASF0:
  25 0000 4F6C6420 		.ascii	"Old Version Traitement.c\000"
  25      56657273 
  25      696F6E20 
  25      54726169 
  25      74656D65 
  26              	.LASF1:
  27 0019 433A5C55 		.ascii	"C:\\Users\\markm\\Desktop\\GBM2100 - Projet Instrum"
  27      73657273 
  27      5C6D6172 
  27      6B6D5C44 
  27      65736B74 
  28 0048 5C50726F 		.ascii	"\\Projet\\SourceTree_Files\\GBM2100_ProjetInterface"
  28      6A65745C 
  28      536F7572 
  28      63655472 
  28      65655F46 
  29 0078 5C496E74 		.ascii	"\\Interface.cydsn\000"
  29      65726661 
  29      63652E63 
  29      7964736E 
  29      00
  30              	.LASF2:
  31 0089 474E5520 		.ascii	"GNU C11 5.4.1 20160609 (release) [ARM/embedded-5-br"
  31      43313120 
  31      352E342E 
  31      31203230 
  31      31363036 
  32 00bc 616E6368 		.ascii	"anch revision 237715] -mcpu=cortex-m4 -mfloat-abi=s"
  32      20726576 
  32      6973696F 
  32      6E203233 
  32      37373135 
  33 00ef 6F667466 		.ascii	"oftfp -mfpu=fpv4-sp-d16 -mthumb -g -Og -ffunction-s"
ARM GAS  C:\Users\markm\AppData\Local\Temp\ccifWWXA.s 			page 2


  33      70202D6D 
  33      6670753D 
  33      66707634 
  33      2D73702D 
  34 0122 65637469 		.ascii	"ections -ffat-lto-objects\000"
  34      6F6E7320 
  34      2D666661 
  34      742D6C74 
  34      6F2D6F62 
  35              		.ident	"GCC: (GNU Tools for ARM Embedded Processors) 5.4.1 20160609 (release) [ARM/embedded-5-bran
