ARM GAS  C:\Users\markm\AppData\Local\Temp\ccy9L8nc.s 			page 1


   1              		.syntax unified
   2              		.cpu cortex-m0plus
   3              		.fpu softvfp
   4              		.eabi_attribute 20, 1
   5              		.eabi_attribute 21, 1
   6              		.eabi_attribute 23, 3
   7              		.eabi_attribute 24, 1
   8              		.eabi_attribute 25, 1
   9              		.eabi_attribute 26, 1
  10              		.eabi_attribute 30, 1
  11              		.eabi_attribute 34, 0
  12              		.eabi_attribute 18, 4
  13              		.thumb
  14              		.syntax unified
  15              		.file	"main_cm0p.c"
  16              		.text
  17              	.Ltext0:
  18              		.cfi_sections	.debug_frame
  19              		.section	.text.main,"ax",%progbits
  20              		.align	2
  21              		.global	main
  22              		.code	16
  23              		.thumb_func
  24              		.type	main, %function
  25              	main:
  26              	.LFB539:
  27              		.file 1 "main_cm0p.c"
   1:main_cm0p.c   **** /******************************************************************************
   2:main_cm0p.c   **** * File Name: main_cm0p.c
   3:main_cm0p.c   **** *
   4:main_cm0p.c   **** * Version: 1.10
   5:main_cm0p.c   **** *
   6:main_cm0p.c   **** * Description: This file main application code for the CE223727 EmWin Graphics
   7:main_cm0p.c   **** *				library EInk Display, for the CM0+ processor.  The only action
   8:main_cm0p.c   **** *				this file performs is to start the CM4 processor.
   9:main_cm0p.c   **** *
  10:main_cm0p.c   **** * Hardware Dependency: CY8CKIT-028-EPD E-Ink Display Shield
  11:main_cm0p.c   **** *					   CY8CKIT-062-BLE PSoC6 BLE Pioneer Kit
  12:main_cm0p.c   **** *
  13:main_cm0p.c   **** *******************************************************************************
  14:main_cm0p.c   **** * Copyright (2018), Cypress Semiconductor Corporation. All rights reserved.
  15:main_cm0p.c   **** *******************************************************************************
  16:main_cm0p.c   **** * This software, including source code, documentation and related materials
  17:main_cm0p.c   **** * (“Software”), is owned by Cypress Semiconductor Corporation or one of its
  18:main_cm0p.c   **** * subsidiaries (“Cypress”) and is protected by and subject to worldwide patent
  19:main_cm0p.c   **** * protection (United States and foreign), United States copyright laws and
  20:main_cm0p.c   **** * international treaty provisions. Therefore, you may use this Software only
  21:main_cm0p.c   **** * as provided in the license agreement accompanying the software package from
  22:main_cm0p.c   **** * which you obtained this Software (“EULA”).
  23:main_cm0p.c   **** *
  24:main_cm0p.c   **** * If no EULA applies, Cypress hereby grants you a personal, nonexclusive,
  25:main_cm0p.c   **** * non-transferable license to copy, modify, and compile the Software source
  26:main_cm0p.c   **** * code solely for use in connection with Cypress’s integrated circuit products.
  27:main_cm0p.c   **** * Any reproduction, modification, translation, compilation, or representation
  28:main_cm0p.c   **** * of this Software except as specified above is prohibited without the express
  29:main_cm0p.c   **** * written permission of Cypress.
  30:main_cm0p.c   **** *
ARM GAS  C:\Users\markm\AppData\Local\Temp\ccy9L8nc.s 			page 2


  31:main_cm0p.c   **** * Disclaimer: THIS SOFTWARE IS PROVIDED AS-IS, WITH NO WARRANTY OF ANY KIND, 
  32:main_cm0p.c   **** * EXPRESS OR IMPLIED, INCLUDING, BUT NOT LIMITED TO, NONINFRINGEMENT, IMPLIED 
  33:main_cm0p.c   **** * WARRANTIES OF MERCHANTABILITY AND FITNESS FOR A PARTICULAR PURPOSE. Cypress 
  34:main_cm0p.c   **** * reserves the right to make changes to the Software without notice. Cypress 
  35:main_cm0p.c   **** * does not assume any liability arising out of the application or use of the 
  36:main_cm0p.c   **** * Software or any product or circuit described in the Software. Cypress does 
  37:main_cm0p.c   **** * not authorize its products for use in any products where a malfunction or 
  38:main_cm0p.c   **** * failure of the Cypress product may reasonably be expected to result in 
  39:main_cm0p.c   **** * significant property damage, injury or death (“High Risk Product”). By 
  40:main_cm0p.c   **** * including Cypress’s product in a High Risk Product, the manufacturer of such 
  41:main_cm0p.c   **** * system or application assumes all risk of such use and in doing so agrees to 
  42:main_cm0p.c   **** * indemnify Cypress against all liability.
  43:main_cm0p.c   **** *******************************************************************************/
  44:main_cm0p.c   **** #include "project.h"
  45:main_cm0p.c   **** 
  46:main_cm0p.c   **** int main(void)
  47:main_cm0p.c   **** {
  28              		.loc 1 47 0
  29              		.cfi_startproc
  30              		@ Volatile: function does not return.
  31              		@ args = 0, pretend = 0, frame = 0
  32              		@ frame_needed = 0, uses_anonymous_args = 0
  33 0000 10B5     		push	{r4, lr}
  34              		.cfi_def_cfa_offset 8
  35              		.cfi_offset 4, -8
  36              		.cfi_offset 14, -4
  48:main_cm0p.c   ****     /*__enable_irq(); */ /* Enable global interrupts. */
  49:main_cm0p.c   ****     
  50:main_cm0p.c   **** 	/* Enable CM4.  CY_CORTEX_M4_APPL_ADDR must be updated if CM4 memory layout is changed. */
  51:main_cm0p.c   ****     Cy_SysEnableCM4(CY_CORTEX_M4_APPL_ADDR); 
  37              		.loc 1 51 0
  38 0002 0348     		ldr	r0, .L3
  39 0004 FFF7FEFF 		bl	Cy_SysEnableCM4
  40              	.LVL0:
  41              	.L2:
  52:main_cm0p.c   **** 
  53:main_cm0p.c   ****     /* Place your initialization/startup code here (e.g. MyInst_Start()) */
  54:main_cm0p.c   **** 
  55:main_cm0p.c   ****     for(;;)
  56:main_cm0p.c   ****     {
  57:main_cm0p.c   ****         /* Place your application code here. */
  58:main_cm0p.c   **** 		Cy_SysPm_DeepSleep(CY_SYSPM_WAIT_FOR_INTERRUPT);
  42              		.loc 1 58 0 discriminator 1
  43 0008 0020     		movs	r0, #0
  44 000a FFF7FEFF 		bl	Cy_SysPm_CpuEnterDeepSleep
  45              	.LVL1:
  46 000e FBE7     		b	.L2
  47              	.L4:
  48              		.align	2
  49              	.L3:
  50 0010 00000810 		.word	268959744
  51              		.cfi_endproc
  52              	.LFE539:
  53              		.size	main, .-main
  54              		.text
  55              	.Letext0:
  56              		.file 2 "c:\\program files (x86)\\cypress\\psoc creator\\4.4\\psoc creator\\import\\gnu\\arm\\5.4.
ARM GAS  C:\Users\markm\AppData\Local\Temp\ccy9L8nc.s 			page 3


  57              		.file 3 "c:\\program files (x86)\\cypress\\psoc creator\\4.4\\psoc creator\\import\\gnu\\arm\\5.4.
  58              		.file 4 "Generated_Source\\PSoC6\\pdl\\drivers/peripheral/device/cy_device.h"
  59              		.file 5 "Generated_Source\\PSoC6\\pdl\\drivers/peripheral/syspm/cy_syspm.h"
  60              		.file 6 "Generated_Source\\PSoC6\\pdl\\drivers/peripheral/scb/cy_scb_i2c.h"
  61              		.file 7 "Generated_Source\\PSoC6\\pdl\\drivers/peripheral/scb/cy_scb_spi.h"
  62              		.file 8 "Generated_Source\\PSoC6\\pdl\\drivers/peripheral/scb/cy_scb_uart.h"
  63              		.file 9 "Generated_Source\\PSoC6\\pdl\\drivers/peripheral/tcpwm/cy_tcpwm_counter.h"
  64              		.file 10 "Generated_Source\\PSoC6/CY_EINK_SPIM.h"
  65              		.file 11 "Generated_Source\\PSoC6/CY_EINK_Timer.h"
  66              		.file 12 "Generated_Source\\PSoC6/I2C_1.h"
  67              		.file 13 "Generated_Source\\PSoC6/UART_1.h"
  68              		.file 14 "./system_psoc6.h"
  69              		.section	.debug_info,"",%progbits
  70              	.Ldebug_info0:
  71 0000 D3090000 		.4byte	0x9d3
  72 0004 0400     		.2byte	0x4
  73 0006 00000000 		.4byte	.Ldebug_abbrev0
  74 000a 04       		.byte	0x4
  75 000b 01       		.uleb128 0x1
  76 000c 46080000 		.4byte	.LASF189
  77 0010 0C       		.byte	0xc
  78 0011 85000000 		.4byte	.LASF190
  79 0015 FD090000 		.4byte	.LASF191
  80 0019 00000000 		.4byte	.Ldebug_ranges0+0
  81 001d 00000000 		.4byte	0
  82 0021 00000000 		.4byte	.Ldebug_line0
  83 0025 02       		.uleb128 0x2
  84 0026 02       		.byte	0x2
  85 0027 05       		.byte	0x5
  86 0028 6D070000 		.4byte	.LASF0
  87 002c 02       		.uleb128 0x2
  88 002d 01       		.byte	0x1
  89 002e 08       		.byte	0x8
  90 002f 4B070000 		.4byte	.LASF1
  91 0033 02       		.uleb128 0x2
  92 0034 01       		.byte	0x1
  93 0035 06       		.byte	0x6
  94 0036 14090000 		.4byte	.LASF2
  95 003a 03       		.uleb128 0x3
  96 003b 9F000000 		.4byte	.LASF3
  97 003f 02       		.byte	0x2
  98 0040 1D       		.byte	0x1d
  99 0041 2C000000 		.4byte	0x2c
 100 0045 03       		.uleb128 0x3
 101 0046 E9030000 		.4byte	.LASF4
 102 004a 02       		.byte	0x2
 103 004b 29       		.byte	0x29
 104 004c 25000000 		.4byte	0x25
 105 0050 03       		.uleb128 0x3
 106 0051 20090000 		.4byte	.LASF5
 107 0055 02       		.byte	0x2
 108 0056 2B       		.byte	0x2b
 109 0057 5B000000 		.4byte	0x5b
 110 005b 02       		.uleb128 0x2
 111 005c 02       		.byte	0x2
 112 005d 07       		.byte	0x7
 113 005e B1090000 		.4byte	.LASF6
ARM GAS  C:\Users\markm\AppData\Local\Temp\ccy9L8nc.s 			page 4


 114 0062 02       		.uleb128 0x2
 115 0063 04       		.byte	0x4
 116 0064 05       		.byte	0x5
 117 0065 D5020000 		.4byte	.LASF7
 118 0069 03       		.uleb128 0x3
 119 006a B3030000 		.4byte	.LASF8
 120 006e 02       		.byte	0x2
 121 006f 41       		.byte	0x41
 122 0070 74000000 		.4byte	0x74
 123 0074 02       		.uleb128 0x2
 124 0075 04       		.byte	0x4
 125 0076 07       		.byte	0x7
 126 0077 A9040000 		.4byte	.LASF9
 127 007b 02       		.uleb128 0x2
 128 007c 08       		.byte	0x8
 129 007d 05       		.byte	0x5
 130 007e E7010000 		.4byte	.LASF10
 131 0082 02       		.uleb128 0x2
 132 0083 08       		.byte	0x8
 133 0084 07       		.byte	0x7
 134 0085 28010000 		.4byte	.LASF11
 135 0089 04       		.uleb128 0x4
 136 008a 04       		.byte	0x4
 137 008b 05       		.byte	0x5
 138 008c 696E7400 		.ascii	"int\000"
 139 0090 02       		.uleb128 0x2
 140 0091 04       		.byte	0x4
 141 0092 07       		.byte	0x7
 142 0093 4C040000 		.4byte	.LASF12
 143 0097 03       		.uleb128 0x3
 144 0098 630B0000 		.4byte	.LASF13
 145 009c 03       		.byte	0x3
 146 009d 18       		.byte	0x18
 147 009e 3A000000 		.4byte	0x3a
 148 00a2 03       		.uleb128 0x3
 149 00a3 DF010000 		.4byte	.LASF14
 150 00a7 03       		.byte	0x3
 151 00a8 20       		.byte	0x20
 152 00a9 45000000 		.4byte	0x45
 153 00ad 03       		.uleb128 0x3
 154 00ae 6A040000 		.4byte	.LASF15
 155 00b2 03       		.byte	0x3
 156 00b3 24       		.byte	0x24
 157 00b4 50000000 		.4byte	0x50
 158 00b8 03       		.uleb128 0x3
 159 00b9 24080000 		.4byte	.LASF16
 160 00bd 03       		.byte	0x3
 161 00be 30       		.byte	0x30
 162 00bf 69000000 		.4byte	0x69
 163 00c3 02       		.uleb128 0x2
 164 00c4 04       		.byte	0x4
 165 00c5 07       		.byte	0x7
 166 00c6 1E060000 		.4byte	.LASF17
 167 00ca 05       		.uleb128 0x5
 168 00cb B8000000 		.4byte	0xb8
 169 00cf 02       		.uleb128 0x2
 170 00d0 08       		.byte	0x8
ARM GAS  C:\Users\markm\AppData\Local\Temp\ccy9L8nc.s 			page 5


 171 00d1 04       		.byte	0x4
 172 00d2 DE080000 		.4byte	.LASF18
 173 00d6 06       		.uleb128 0x6
 174 00d7 B8       		.byte	0xb8
 175 00d8 04       		.byte	0x4
 176 00d9 34       		.byte	0x34
 177 00da E7040000 		.4byte	0x4e7
 178 00de 07       		.uleb128 0x7
 179 00df FE000000 		.4byte	.LASF19
 180 00e3 04       		.byte	0x4
 181 00e4 37       		.byte	0x37
 182 00e5 B8000000 		.4byte	0xb8
 183 00e9 00       		.byte	0
 184 00ea 07       		.uleb128 0x7
 185 00eb D8070000 		.4byte	.LASF20
 186 00ef 04       		.byte	0x4
 187 00f0 38       		.byte	0x38
 188 00f1 B8000000 		.4byte	0xb8
 189 00f5 04       		.byte	0x4
 190 00f6 07       		.uleb128 0x7
 191 00f7 16030000 		.4byte	.LASF21
 192 00fb 04       		.byte	0x4
 193 00fc 39       		.byte	0x39
 194 00fd B8000000 		.4byte	0xb8
 195 0101 08       		.byte	0x8
 196 0102 07       		.uleb128 0x7
 197 0103 25070000 		.4byte	.LASF22
 198 0107 04       		.byte	0x4
 199 0108 3A       		.byte	0x3a
 200 0109 B8000000 		.4byte	0xb8
 201 010d 0C       		.byte	0xc
 202 010e 07       		.uleb128 0x7
 203 010f 3F020000 		.4byte	.LASF23
 204 0113 04       		.byte	0x4
 205 0114 3B       		.byte	0x3b
 206 0115 B8000000 		.4byte	0xb8
 207 0119 10       		.byte	0x10
 208 011a 07       		.uleb128 0x7
 209 011b A7020000 		.4byte	.LASF24
 210 011f 04       		.byte	0x4
 211 0120 3C       		.byte	0x3c
 212 0121 B8000000 		.4byte	0xb8
 213 0125 14       		.byte	0x14
 214 0126 07       		.uleb128 0x7
 215 0127 F7040000 		.4byte	.LASF25
 216 012b 04       		.byte	0x4
 217 012c 3D       		.byte	0x3d
 218 012d B8000000 		.4byte	0xb8
 219 0131 18       		.byte	0x18
 220 0132 07       		.uleb128 0x7
 221 0133 7C000000 		.4byte	.LASF26
 222 0137 04       		.byte	0x4
 223 0138 3E       		.byte	0x3e
 224 0139 B8000000 		.4byte	0xb8
 225 013d 1C       		.byte	0x1c
 226 013e 07       		.uleb128 0x7
 227 013f F70B0000 		.4byte	.LASF27
ARM GAS  C:\Users\markm\AppData\Local\Temp\ccy9L8nc.s 			page 6


 228 0143 04       		.byte	0x4
 229 0144 3F       		.byte	0x3f
 230 0145 B8000000 		.4byte	0xb8
 231 0149 20       		.byte	0x20
 232 014a 07       		.uleb128 0x7
 233 014b AB060000 		.4byte	.LASF28
 234 014f 04       		.byte	0x4
 235 0150 40       		.byte	0x40
 236 0151 B8000000 		.4byte	0xb8
 237 0155 24       		.byte	0x24
 238 0156 07       		.uleb128 0x7
 239 0157 D4050000 		.4byte	.LASF29
 240 015b 04       		.byte	0x4
 241 015c 43       		.byte	0x43
 242 015d 97000000 		.4byte	0x97
 243 0161 28       		.byte	0x28
 244 0162 07       		.uleb128 0x7
 245 0163 5F000000 		.4byte	.LASF30
 246 0167 04       		.byte	0x4
 247 0168 44       		.byte	0x44
 248 0169 97000000 		.4byte	0x97
 249 016d 29       		.byte	0x29
 250 016e 07       		.uleb128 0x7
 251 016f ED0B0000 		.4byte	.LASF31
 252 0173 04       		.byte	0x4
 253 0174 45       		.byte	0x45
 254 0175 97000000 		.4byte	0x97
 255 0179 2A       		.byte	0x2a
 256 017a 07       		.uleb128 0x7
 257 017b 9D060000 		.4byte	.LASF32
 258 017f 04       		.byte	0x4
 259 0180 46       		.byte	0x46
 260 0181 97000000 		.4byte	0x97
 261 0185 2B       		.byte	0x2b
 262 0186 07       		.uleb128 0x7
 263 0187 56050000 		.4byte	.LASF33
 264 018b 04       		.byte	0x4
 265 018c 47       		.byte	0x47
 266 018d 97000000 		.4byte	0x97
 267 0191 2C       		.byte	0x2c
 268 0192 07       		.uleb128 0x7
 269 0193 63090000 		.4byte	.LASF34
 270 0197 04       		.byte	0x4
 271 0198 48       		.byte	0x48
 272 0199 97000000 		.4byte	0x97
 273 019d 2D       		.byte	0x2d
 274 019e 07       		.uleb128 0x7
 275 019f 48020000 		.4byte	.LASF35
 276 01a3 04       		.byte	0x4
 277 01a4 49       		.byte	0x49
 278 01a5 97000000 		.4byte	0x97
 279 01a9 2E       		.byte	0x2e
 280 01aa 07       		.uleb128 0x7
 281 01ab E1050000 		.4byte	.LASF36
 282 01af 04       		.byte	0x4
 283 01b0 4A       		.byte	0x4a
 284 01b1 97000000 		.4byte	0x97
ARM GAS  C:\Users\markm\AppData\Local\Temp\ccy9L8nc.s 			page 7


 285 01b5 2F       		.byte	0x2f
 286 01b6 07       		.uleb128 0x7
 287 01b7 FA080000 		.4byte	.LASF37
 288 01bb 04       		.byte	0x4
 289 01bc 4B       		.byte	0x4b
 290 01bd 97000000 		.4byte	0x97
 291 01c1 30       		.byte	0x30
 292 01c2 07       		.uleb128 0x7
 293 01c3 EC040000 		.4byte	.LASF38
 294 01c7 04       		.byte	0x4
 295 01c8 4E       		.byte	0x4e
 296 01c9 97000000 		.4byte	0x97
 297 01cd 31       		.byte	0x31
 298 01ce 07       		.uleb128 0x7
 299 01cf 91000000 		.4byte	.LASF39
 300 01d3 04       		.byte	0x4
 301 01d4 4F       		.byte	0x4f
 302 01d5 97000000 		.4byte	0x97
 303 01d9 32       		.byte	0x32
 304 01da 07       		.uleb128 0x7
 305 01db 40040000 		.4byte	.LASF40
 306 01df 04       		.byte	0x4
 307 01e0 50       		.byte	0x50
 308 01e1 97000000 		.4byte	0x97
 309 01e5 33       		.byte	0x33
 310 01e6 07       		.uleb128 0x7
 311 01e7 42060000 		.4byte	.LASF41
 312 01eb 04       		.byte	0x4
 313 01ec 51       		.byte	0x51
 314 01ed 97000000 		.4byte	0x97
 315 01f1 34       		.byte	0x34
 316 01f2 07       		.uleb128 0x7
 317 01f3 6D0A0000 		.4byte	.LASF42
 318 01f7 04       		.byte	0x4
 319 01f8 52       		.byte	0x52
 320 01f9 A2000000 		.4byte	0xa2
 321 01fd 36       		.byte	0x36
 322 01fe 07       		.uleb128 0x7
 323 01ff 30030000 		.4byte	.LASF43
 324 0203 04       		.byte	0x4
 325 0204 53       		.byte	0x53
 326 0205 A2000000 		.4byte	0xa2
 327 0209 38       		.byte	0x38
 328 020a 07       		.uleb128 0x7
 329 020b 82090000 		.4byte	.LASF44
 330 020f 04       		.byte	0x4
 331 0210 54       		.byte	0x54
 332 0211 A2000000 		.4byte	0xa2
 333 0215 3A       		.byte	0x3a
 334 0216 07       		.uleb128 0x7
 335 0217 98020000 		.4byte	.LASF45
 336 021b 04       		.byte	0x4
 337 021c 55       		.byte	0x55
 338 021d 97000000 		.4byte	0x97
 339 0221 3C       		.byte	0x3c
 340 0222 07       		.uleb128 0x7
 341 0223 57030000 		.4byte	.LASF46
ARM GAS  C:\Users\markm\AppData\Local\Temp\ccy9L8nc.s 			page 8


 342 0227 04       		.byte	0x4
 343 0228 56       		.byte	0x56
 344 0229 97000000 		.4byte	0x97
 345 022d 3D       		.byte	0x3d
 346 022e 07       		.uleb128 0x7
 347 022f 110B0000 		.4byte	.LASF47
 348 0233 04       		.byte	0x4
 349 0234 57       		.byte	0x57
 350 0235 97000000 		.4byte	0x97
 351 0239 3E       		.byte	0x3e
 352 023a 07       		.uleb128 0x7
 353 023b 0F010000 		.4byte	.LASF48
 354 023f 04       		.byte	0x4
 355 0240 58       		.byte	0x58
 356 0241 97000000 		.4byte	0x97
 357 0245 3F       		.byte	0x3f
 358 0246 07       		.uleb128 0x7
 359 0247 B6060000 		.4byte	.LASF49
 360 024b 04       		.byte	0x4
 361 024c 59       		.byte	0x59
 362 024d 97000000 		.4byte	0x97
 363 0251 40       		.byte	0x40
 364 0252 07       		.uleb128 0x7
 365 0253 BE030000 		.4byte	.LASF50
 366 0257 04       		.byte	0x4
 367 0258 5A       		.byte	0x5a
 368 0259 97000000 		.4byte	0x97
 369 025d 41       		.byte	0x41
 370 025e 07       		.uleb128 0x7
 371 025f 8B050000 		.4byte	.LASF51
 372 0263 04       		.byte	0x4
 373 0264 5B       		.byte	0x5b
 374 0265 97000000 		.4byte	0x97
 375 0269 42       		.byte	0x42
 376 026a 07       		.uleb128 0x7
 377 026b 89060000 		.4byte	.LASF52
 378 026f 04       		.byte	0x4
 379 0270 5C       		.byte	0x5c
 380 0271 97000000 		.4byte	0x97
 381 0275 43       		.byte	0x43
 382 0276 07       		.uleb128 0x7
 383 0277 1F030000 		.4byte	.LASF53
 384 027b 04       		.byte	0x4
 385 027c 5D       		.byte	0x5d
 386 027d 97000000 		.4byte	0x97
 387 0281 44       		.byte	0x44
 388 0282 07       		.uleb128 0x7
 389 0283 00000000 		.4byte	.LASF54
 390 0287 04       		.byte	0x4
 391 0288 5E       		.byte	0x5e
 392 0289 B8000000 		.4byte	0xb8
 393 028d 48       		.byte	0x48
 394 028e 07       		.uleb128 0x7
 395 028f 08030000 		.4byte	.LASF55
 396 0293 04       		.byte	0x4
 397 0294 5F       		.byte	0x5f
 398 0295 B8000000 		.4byte	0xb8
ARM GAS  C:\Users\markm\AppData\Local\Temp\ccy9L8nc.s 			page 9


 399 0299 4C       		.byte	0x4c
 400 029a 07       		.uleb128 0x7
 401 029b 2D0C0000 		.4byte	.LASF56
 402 029f 04       		.byte	0x4
 403 02a0 60       		.byte	0x60
 404 02a1 97000000 		.4byte	0x97
 405 02a5 50       		.byte	0x50
 406 02a6 07       		.uleb128 0x7
 407 02a7 91010000 		.4byte	.LASF57
 408 02ab 04       		.byte	0x4
 409 02ac 61       		.byte	0x61
 410 02ad 97000000 		.4byte	0x97
 411 02b1 51       		.byte	0x51
 412 02b2 07       		.uleb128 0x7
 413 02b3 530B0000 		.4byte	.LASF58
 414 02b7 04       		.byte	0x4
 415 02b8 62       		.byte	0x62
 416 02b9 97000000 		.4byte	0x97
 417 02bd 52       		.byte	0x52
 418 02be 07       		.uleb128 0x7
 419 02bf 70090000 		.4byte	.LASF59
 420 02c3 04       		.byte	0x4
 421 02c4 63       		.byte	0x63
 422 02c5 97000000 		.4byte	0x97
 423 02c9 53       		.byte	0x53
 424 02ca 07       		.uleb128 0x7
 425 02cb 14080000 		.4byte	.LASF60
 426 02cf 04       		.byte	0x4
 427 02d0 64       		.byte	0x64
 428 02d1 97000000 		.4byte	0x97
 429 02d5 54       		.byte	0x54
 430 02d6 07       		.uleb128 0x7
 431 02d7 CB010000 		.4byte	.LASF61
 432 02db 04       		.byte	0x4
 433 02dc 65       		.byte	0x65
 434 02dd 97000000 		.4byte	0x97
 435 02e1 55       		.byte	0x55
 436 02e2 07       		.uleb128 0x7
 437 02e3 95040000 		.4byte	.LASF62
 438 02e7 04       		.byte	0x4
 439 02e8 66       		.byte	0x66
 440 02e9 97000000 		.4byte	0x97
 441 02ed 56       		.byte	0x56
 442 02ee 07       		.uleb128 0x7
 443 02ef 9C070000 		.4byte	.LASF63
 444 02f3 04       		.byte	0x4
 445 02f4 67       		.byte	0x67
 446 02f5 97000000 		.4byte	0x97
 447 02f9 57       		.byte	0x57
 448 02fa 07       		.uleb128 0x7
 449 02fb 24000000 		.4byte	.LASF64
 450 02ff 04       		.byte	0x4
 451 0300 68       		.byte	0x68
 452 0301 97000000 		.4byte	0x97
 453 0305 58       		.byte	0x58
 454 0306 07       		.uleb128 0x7
 455 0307 59070000 		.4byte	.LASF65
ARM GAS  C:\Users\markm\AppData\Local\Temp\ccy9L8nc.s 			page 10


 456 030b 04       		.byte	0x4
 457 030c 69       		.byte	0x69
 458 030d 97000000 		.4byte	0x97
 459 0311 59       		.byte	0x59
 460 0312 07       		.uleb128 0x7
 461 0313 27060000 		.4byte	.LASF66
 462 0317 04       		.byte	0x4
 463 0318 6E       		.byte	0x6e
 464 0319 AD000000 		.4byte	0xad
 465 031d 5A       		.byte	0x5a
 466 031e 07       		.uleb128 0x7
 467 031f C4090000 		.4byte	.LASF67
 468 0323 04       		.byte	0x4
 469 0324 6F       		.byte	0x6f
 470 0325 AD000000 		.4byte	0xad
 471 0329 5C       		.byte	0x5c
 472 032a 07       		.uleb128 0x7
 473 032b 6D000000 		.4byte	.LASF68
 474 032f 04       		.byte	0x4
 475 0330 70       		.byte	0x70
 476 0331 97000000 		.4byte	0x97
 477 0335 5E       		.byte	0x5e
 478 0336 07       		.uleb128 0x7
 479 0337 FE060000 		.4byte	.LASF69
 480 033b 04       		.byte	0x4
 481 033c 71       		.byte	0x71
 482 033d 97000000 		.4byte	0x97
 483 0341 5F       		.byte	0x5f
 484 0342 07       		.uleb128 0x7
 485 0343 78060000 		.4byte	.LASF70
 486 0347 04       		.byte	0x4
 487 0348 72       		.byte	0x72
 488 0349 97000000 		.4byte	0x97
 489 034d 60       		.byte	0x60
 490 034e 07       		.uleb128 0x7
 491 034f D7060000 		.4byte	.LASF71
 492 0353 04       		.byte	0x4
 493 0354 73       		.byte	0x73
 494 0355 B8000000 		.4byte	0xb8
 495 0359 64       		.byte	0x64
 496 035a 07       		.uleb128 0x7
 497 035b 4E010000 		.4byte	.LASF72
 498 035f 04       		.byte	0x4
 499 0360 76       		.byte	0x76
 500 0361 AD000000 		.4byte	0xad
 501 0365 68       		.byte	0x68
 502 0366 07       		.uleb128 0x7
 503 0367 83040000 		.4byte	.LASF73
 504 036b 04       		.byte	0x4
 505 036c 77       		.byte	0x77
 506 036d AD000000 		.4byte	0xad
 507 0371 6A       		.byte	0x6a
 508 0372 07       		.uleb128 0x7
 509 0373 13050000 		.4byte	.LASF74
 510 0377 04       		.byte	0x4
 511 0378 78       		.byte	0x78
 512 0379 AD000000 		.4byte	0xad
ARM GAS  C:\Users\markm\AppData\Local\Temp\ccy9L8nc.s 			page 11


 513 037d 6C       		.byte	0x6c
 514 037e 07       		.uleb128 0x7
 515 037f 39050000 		.4byte	.LASF75
 516 0383 04       		.byte	0x4
 517 0384 79       		.byte	0x79
 518 0385 AD000000 		.4byte	0xad
 519 0389 6E       		.byte	0x6e
 520 038a 07       		.uleb128 0x7
 521 038b 88070000 		.4byte	.LASF76
 522 038f 04       		.byte	0x4
 523 0390 7B       		.byte	0x7b
 524 0391 97000000 		.4byte	0x97
 525 0395 70       		.byte	0x70
 526 0396 07       		.uleb128 0x7
 527 0397 2A020000 		.4byte	.LASF77
 528 039b 04       		.byte	0x4
 529 039c 7C       		.byte	0x7c
 530 039d 97000000 		.4byte	0x97
 531 03a1 71       		.byte	0x71
 532 03a2 07       		.uleb128 0x7
 533 03a3 FF0B0000 		.4byte	.LASF78
 534 03a7 04       		.byte	0x4
 535 03a8 7D       		.byte	0x7d
 536 03a9 97000000 		.4byte	0x97
 537 03ad 72       		.byte	0x72
 538 03ae 07       		.uleb128 0x7
 539 03af 53060000 		.4byte	.LASF79
 540 03b3 04       		.byte	0x4
 541 03b4 7E       		.byte	0x7e
 542 03b5 97000000 		.4byte	0x97
 543 03b9 73       		.byte	0x73
 544 03ba 07       		.uleb128 0x7
 545 03bb 78030000 		.4byte	.LASF80
 546 03bf 04       		.byte	0x4
 547 03c0 80       		.byte	0x80
 548 03c1 AD000000 		.4byte	0xad
 549 03c5 74       		.byte	0x74
 550 03c6 07       		.uleb128 0x7
 551 03c7 2B090000 		.4byte	.LASF81
 552 03cb 04       		.byte	0x4
 553 03cc 81       		.byte	0x81
 554 03cd AD000000 		.4byte	0xad
 555 03d1 76       		.byte	0x76
 556 03d2 07       		.uleb128 0x7
 557 03d3 42030000 		.4byte	.LASF82
 558 03d7 04       		.byte	0x4
 559 03d8 82       		.byte	0x82
 560 03d9 AD000000 		.4byte	0xad
 561 03dd 78       		.byte	0x78
 562 03de 07       		.uleb128 0x7
 563 03df B5000000 		.4byte	.LASF83
 564 03e3 04       		.byte	0x4
 565 03e4 83       		.byte	0x83
 566 03e5 AD000000 		.4byte	0xad
 567 03e9 7A       		.byte	0x7a
 568 03ea 07       		.uleb128 0x7
 569 03eb 950B0000 		.4byte	.LASF84
ARM GAS  C:\Users\markm\AppData\Local\Temp\ccy9L8nc.s 			page 12


 570 03ef 04       		.byte	0x4
 571 03f0 86       		.byte	0x86
 572 03f1 97000000 		.4byte	0x97
 573 03f5 7C       		.byte	0x7c
 574 03f6 07       		.uleb128 0x7
 575 03f7 B80A0000 		.4byte	.LASF85
 576 03fb 04       		.byte	0x4
 577 03fc 87       		.byte	0x87
 578 03fd 97000000 		.4byte	0x97
 579 0401 7D       		.byte	0x7d
 580 0402 07       		.uleb128 0x7
 581 0403 38000000 		.4byte	.LASF86
 582 0407 04       		.byte	0x4
 583 0408 88       		.byte	0x88
 584 0409 97000000 		.4byte	0x97
 585 040d 7E       		.byte	0x7e
 586 040e 07       		.uleb128 0x7
 587 040f 8A030000 		.4byte	.LASF87
 588 0413 04       		.byte	0x4
 589 0414 89       		.byte	0x89
 590 0415 97000000 		.4byte	0x97
 591 0419 7F       		.byte	0x7f
 592 041a 07       		.uleb128 0x7
 593 041b 2C040000 		.4byte	.LASF88
 594 041f 04       		.byte	0x4
 595 0420 8A       		.byte	0x8a
 596 0421 97000000 		.4byte	0x97
 597 0425 80       		.byte	0x80
 598 0426 07       		.uleb128 0x7
 599 0427 A10A0000 		.4byte	.LASF89
 600 042b 04       		.byte	0x4
 601 042c 8D       		.byte	0x8d
 602 042d B8000000 		.4byte	0xb8
 603 0431 84       		.byte	0x84
 604 0432 07       		.uleb128 0x7
 605 0433 CA000000 		.4byte	.LASF90
 606 0437 04       		.byte	0x4
 607 0438 8E       		.byte	0x8e
 608 0439 B8000000 		.4byte	0xb8
 609 043d 88       		.byte	0x88
 610 043e 07       		.uleb128 0x7
 611 043f 800B0000 		.4byte	.LASF91
 612 0443 04       		.byte	0x4
 613 0444 8F       		.byte	0x8f
 614 0445 B8000000 		.4byte	0xb8
 615 0449 8C       		.byte	0x8c
 616 044a 07       		.uleb128 0x7
 617 044b ED050000 		.4byte	.LASF92
 618 044f 04       		.byte	0x4
 619 0450 90       		.byte	0x90
 620 0451 B8000000 		.4byte	0xb8
 621 0455 90       		.byte	0x90
 622 0456 07       		.uleb128 0x7
 623 0457 FC030000 		.4byte	.LASF93
 624 045b 04       		.byte	0x4
 625 045c 91       		.byte	0x91
 626 045d B8000000 		.4byte	0xb8
ARM GAS  C:\Users\markm\AppData\Local\Temp\ccy9L8nc.s 			page 13


 627 0461 94       		.byte	0x94
 628 0462 07       		.uleb128 0x7
 629 0463 A5050000 		.4byte	.LASF94
 630 0467 04       		.byte	0x4
 631 0468 92       		.byte	0x92
 632 0469 B8000000 		.4byte	0xb8
 633 046d 98       		.byte	0x98
 634 046e 07       		.uleb128 0x7
 635 046f C80B0000 		.4byte	.LASF95
 636 0473 04       		.byte	0x4
 637 0474 93       		.byte	0x93
 638 0475 B8000000 		.4byte	0xb8
 639 0479 9C       		.byte	0x9c
 640 047a 07       		.uleb128 0x7
 641 047b 68010000 		.4byte	.LASF96
 642 047f 04       		.byte	0x4
 643 0480 94       		.byte	0x94
 644 0481 B8000000 		.4byte	0xb8
 645 0485 A0       		.byte	0xa0
 646 0486 07       		.uleb128 0x7
 647 0487 65020000 		.4byte	.LASF97
 648 048b 04       		.byte	0x4
 649 048c 95       		.byte	0x95
 650 048d AD000000 		.4byte	0xad
 651 0491 A4       		.byte	0xa4
 652 0492 07       		.uleb128 0x7
 653 0493 3E0B0000 		.4byte	.LASF98
 654 0497 04       		.byte	0x4
 655 0498 96       		.byte	0x96
 656 0499 AD000000 		.4byte	0xad
 657 049d A6       		.byte	0xa6
 658 049e 07       		.uleb128 0x7
 659 049f F2060000 		.4byte	.LASF99
 660 04a3 04       		.byte	0x4
 661 04a4 97       		.byte	0x97
 662 04a5 AD000000 		.4byte	0xad
 663 04a9 A8       		.byte	0xa8
 664 04aa 07       		.uleb128 0x7
 665 04ab 06090000 		.4byte	.LASF100
 666 04af 04       		.byte	0x4
 667 04b0 98       		.byte	0x98
 668 04b1 AD000000 		.4byte	0xad
 669 04b5 AA       		.byte	0xaa
 670 04b6 07       		.uleb128 0x7
 671 04b7 22050000 		.4byte	.LASF101
 672 04bb 04       		.byte	0x4
 673 04bc 99       		.byte	0x99
 674 04bd AD000000 		.4byte	0xad
 675 04c1 AC       		.byte	0xac
 676 04c2 07       		.uleb128 0x7
 677 04c3 6A060000 		.4byte	.LASF102
 678 04c7 04       		.byte	0x4
 679 04c8 9A       		.byte	0x9a
 680 04c9 AD000000 		.4byte	0xad
 681 04cd AE       		.byte	0xae
 682 04ce 07       		.uleb128 0x7
 683 04cf C3060000 		.4byte	.LASF103
ARM GAS  C:\Users\markm\AppData\Local\Temp\ccy9L8nc.s 			page 14


 684 04d3 04       		.byte	0x4
 685 04d4 9D       		.byte	0x9d
 686 04d5 AD000000 		.4byte	0xad
 687 04d9 B0       		.byte	0xb0
 688 04da 07       		.uleb128 0x7
 689 04db 4B000000 		.4byte	.LASF104
 690 04df 04       		.byte	0x4
 691 04e0 9E       		.byte	0x9e
 692 04e1 B8000000 		.4byte	0xb8
 693 04e5 B4       		.byte	0xb4
 694 04e6 00       		.byte	0
 695 04e7 03       		.uleb128 0x3
 696 04e8 62050000 		.4byte	.LASF105
 697 04ec 04       		.byte	0x4
 698 04ed 9F       		.byte	0x9f
 699 04ee D6000000 		.4byte	0xd6
 700 04f2 02       		.uleb128 0x2
 701 04f3 01       		.byte	0x1
 702 04f4 08       		.byte	0x8
 703 04f5 EA080000 		.4byte	.LASF106
 704 04f9 02       		.uleb128 0x2
 705 04fa 04       		.byte	0x4
 706 04fb 04       		.byte	0x4
 707 04fc D1060000 		.4byte	.LASF107
 708 0500 02       		.uleb128 0x2
 709 0501 08       		.byte	0x8
 710 0502 04       		.byte	0x4
 711 0503 3B030000 		.4byte	.LASF108
 712 0507 08       		.uleb128 0x8
 713 0508 01       		.byte	0x1
 714 0509 2C000000 		.4byte	0x2c
 715 050d 05       		.byte	0x5
 716 050e 2305     		.2byte	0x523
 717 0510 21050000 		.4byte	0x521
 718 0514 09       		.uleb128 0x9
 719 0515 D7090000 		.4byte	.LASF109
 720 0519 00       		.byte	0
 721 051a 09       		.uleb128 0x9
 722 051b 3E090000 		.4byte	.LASF110
 723 051f 01       		.byte	0x1
 724 0520 00       		.byte	0
 725 0521 0A       		.uleb128 0xa
 726 0522 04       		.byte	0x4
 727 0523 02       		.uleb128 0x2
 728 0524 01       		.byte	0x1
 729 0525 02       		.byte	0x2
 730 0526 D8080000 		.4byte	.LASF111
 731 052a 08       		.uleb128 0x8
 732 052b 01       		.byte	0x1
 733 052c 2C000000 		.4byte	0x2c
 734 0530 06       		.byte	0x6
 735 0531 2402     		.2byte	0x224
 736 0533 44050000 		.4byte	0x544
 737 0537 09       		.uleb128 0x9
 738 0538 2D070000 		.4byte	.LASF112
 739 053c 00       		.byte	0
 740 053d 09       		.uleb128 0x9
ARM GAS  C:\Users\markm\AppData\Local\Temp\ccy9L8nc.s 			page 15


 741 053e F9020000 		.4byte	.LASF113
 742 0542 01       		.byte	0x1
 743 0543 00       		.byte	0
 744 0544 0B       		.uleb128 0xb
 745 0545 260B0000 		.4byte	.LASF114
 746 0549 06       		.byte	0x6
 747 054a 2702     		.2byte	0x227
 748 054c 2A050000 		.4byte	0x52a
 749 0550 0B       		.uleb128 0xb
 750 0551 B7020000 		.4byte	.LASF115
 751 0555 06       		.byte	0x6
 752 0556 3902     		.2byte	0x239
 753 0558 5C050000 		.4byte	0x55c
 754 055c 0C       		.uleb128 0xc
 755 055d 04       		.byte	0x4
 756 055e 62050000 		.4byte	0x562
 757 0562 0D       		.uleb128 0xd
 758 0563 6D050000 		.4byte	0x56d
 759 0567 0E       		.uleb128 0xe
 760 0568 B8000000 		.4byte	0xb8
 761 056c 00       		.byte	0
 762 056d 0B       		.uleb128 0xb
 763 056e BC070000 		.4byte	.LASF116
 764 0572 06       		.byte	0x6
 765 0573 4402     		.2byte	0x244
 766 0575 79050000 		.4byte	0x579
 767 0579 0C       		.uleb128 0xc
 768 057a 04       		.byte	0x4
 769 057b 7F050000 		.4byte	0x57f
 770 057f 0F       		.uleb128 0xf
 771 0580 44050000 		.4byte	0x544
 772 0584 8E050000 		.4byte	0x58e
 773 0588 0E       		.uleb128 0xe
 774 0589 B8000000 		.4byte	0xb8
 775 058d 00       		.byte	0
 776 058e 10       		.uleb128 0x10
 777 058f B4010000 		.4byte	.LASF140
 778 0593 4C       		.byte	0x4c
 779 0594 06       		.byte	0x6
 780 0595 C302     		.2byte	0x2c3
 781 0597 AD060000 		.4byte	0x6ad
 782 059b 11       		.uleb128 0x11
 783 059c F3090000 		.4byte	.LASF117
 784 05a0 06       		.byte	0x6
 785 05a1 C602     		.2byte	0x2c6
 786 05a3 23050000 		.4byte	0x523
 787 05a7 00       		.byte	0
 788 05a8 11       		.uleb128 0x11
 789 05a9 09050000 		.4byte	.LASF118
 790 05ad 06       		.byte	0x6
 791 05ae C702     		.2byte	0x2c7
 792 05b0 23050000 		.4byte	0x523
 793 05b4 01       		.byte	0x1
 794 05b5 11       		.uleb128 0x11
 795 05b6 B1020000 		.4byte	.LASF119
 796 05ba 06       		.byte	0x6
 797 05bb C902     		.2byte	0x2c9
ARM GAS  C:\Users\markm\AppData\Local\Temp\ccy9L8nc.s 			page 16


 798 05bd CA000000 		.4byte	0xca
 799 05c1 04       		.byte	0x4
 800 05c2 11       		.uleb128 0x11
 801 05c3 7E010000 		.4byte	.LASF120
 802 05c7 06       		.byte	0x6
 803 05c8 CB02     		.2byte	0x2cb
 804 05ca CA000000 		.4byte	0xca
 805 05ce 08       		.byte	0x8
 806 05cf 11       		.uleb128 0x11
 807 05d0 B0070000 		.4byte	.LASF121
 808 05d4 06       		.byte	0x6
 809 05d5 CC02     		.2byte	0x2cc
 810 05d7 23050000 		.4byte	0x523
 811 05db 0C       		.byte	0xc
 812 05dc 11       		.uleb128 0x11
 813 05dd ED020000 		.4byte	.LASF122
 814 05e1 06       		.byte	0x6
 815 05e2 CD02     		.2byte	0x2cd
 816 05e4 23050000 		.4byte	0x523
 817 05e8 0D       		.byte	0xd
 818 05e9 11       		.uleb128 0x11
 819 05ea 56090000 		.4byte	.LASF123
 820 05ee 06       		.byte	0x6
 821 05ef CF02     		.2byte	0x2cf
 822 05f1 AD060000 		.4byte	0x6ad
 823 05f5 10       		.byte	0x10
 824 05f6 11       		.uleb128 0x11
 825 05f7 77070000 		.4byte	.LASF124
 826 05fb 06       		.byte	0x6
 827 05fc D002     		.2byte	0x2d0
 828 05fe B8000000 		.4byte	0xb8
 829 0602 14       		.byte	0x14
 830 0603 11       		.uleb128 0x11
 831 0604 32060000 		.4byte	.LASF125
 832 0608 06       		.byte	0x6
 833 0609 D102     		.2byte	0x2d1
 834 060b CA000000 		.4byte	0xca
 835 060f 18       		.byte	0x18
 836 0610 11       		.uleb128 0x11
 837 0611 F4070000 		.4byte	.LASF126
 838 0615 06       		.byte	0x6
 839 0616 D202     		.2byte	0x2d2
 840 0618 CA000000 		.4byte	0xca
 841 061c 1C       		.byte	0x1c
 842 061d 11       		.uleb128 0x11
 843 061e A9000000 		.4byte	.LASF127
 844 0622 06       		.byte	0x6
 845 0623 D402     		.2byte	0x2d4
 846 0625 CA000000 		.4byte	0xca
 847 0629 20       		.byte	0x20
 848 062a 11       		.uleb128 0x11
 849 062b 73040000 		.4byte	.LASF128
 850 062f 06       		.byte	0x6
 851 0630 D502     		.2byte	0x2d5
 852 0632 B3060000 		.4byte	0x6b3
 853 0636 24       		.byte	0x24
 854 0637 11       		.uleb128 0x11
ARM GAS  C:\Users\markm\AppData\Local\Temp\ccy9L8nc.s 			page 17


 855 0638 D70A0000 		.4byte	.LASF129
 856 063c 06       		.byte	0x6
 857 063d D702     		.2byte	0x2d7
 858 063f AD060000 		.4byte	0x6ad
 859 0643 28       		.byte	0x28
 860 0644 11       		.uleb128 0x11
 861 0645 E50A0000 		.4byte	.LASF130
 862 0649 06       		.byte	0x6
 863 064a D802     		.2byte	0x2d8
 864 064c B8000000 		.4byte	0xb8
 865 0650 2C       		.byte	0x2c
 866 0651 11       		.uleb128 0x11
 867 0652 59040000 		.4byte	.LASF131
 868 0656 06       		.byte	0x6
 869 0657 D902     		.2byte	0x2d9
 870 0659 CA000000 		.4byte	0xca
 871 065d 30       		.byte	0x30
 872 065e 11       		.uleb128 0x11
 873 065f 03080000 		.4byte	.LASF132
 874 0663 06       		.byte	0x6
 875 0664 DA02     		.2byte	0x2da
 876 0666 CA000000 		.4byte	0xca
 877 066a 34       		.byte	0x34
 878 066b 11       		.uleb128 0x11
 879 066c BB050000 		.4byte	.LASF133
 880 0670 06       		.byte	0x6
 881 0671 DC02     		.2byte	0x2dc
 882 0673 AD060000 		.4byte	0x6ad
 883 0677 38       		.byte	0x38
 884 0678 11       		.uleb128 0x11
 885 0679 53020000 		.4byte	.LASF134
 886 067d 06       		.byte	0x6
 887 067e DD02     		.2byte	0x2dd
 888 0680 B8000000 		.4byte	0xb8
 889 0684 3C       		.byte	0x3c
 890 0685 11       		.uleb128 0x11
 891 0686 A3010000 		.4byte	.LASF135
 892 068a 06       		.byte	0x6
 893 068b DE02     		.2byte	0x2de
 894 068d CA000000 		.4byte	0xca
 895 0691 40       		.byte	0x40
 896 0692 11       		.uleb128 0x11
 897 0693 30050000 		.4byte	.LASF136
 898 0697 06       		.byte	0x6
 899 0698 E402     		.2byte	0x2e4
 900 069a 50050000 		.4byte	0x550
 901 069e 44       		.byte	0x44
 902 069f 11       		.uleb128 0x11
 903 06a0 9E030000 		.4byte	.LASF137
 904 06a4 06       		.byte	0x6
 905 06a5 EB02     		.2byte	0x2eb
 906 06a7 6D050000 		.4byte	0x56d
 907 06ab 48       		.byte	0x48
 908 06ac 00       		.byte	0
 909 06ad 0C       		.uleb128 0xc
 910 06ae 04       		.byte	0x4
 911 06af 97000000 		.4byte	0x97
ARM GAS  C:\Users\markm\AppData\Local\Temp\ccy9L8nc.s 			page 18


 912 06b3 05       		.uleb128 0x5
 913 06b4 23050000 		.4byte	0x523
 914 06b8 0B       		.uleb128 0xb
 915 06b9 2D080000 		.4byte	.LASF138
 916 06bd 06       		.byte	0x6
 917 06be EE02     		.2byte	0x2ee
 918 06c0 8E050000 		.4byte	0x58e
 919 06c4 0B       		.uleb128 0xb
 920 06c5 7A020000 		.4byte	.LASF139
 921 06c9 07       		.byte	0x7
 922 06ca F201     		.2byte	0x1f2
 923 06cc 5C050000 		.4byte	0x55c
 924 06d0 10       		.uleb128 0x10
 925 06d1 13020000 		.4byte	.LASF141
 926 06d5 24       		.byte	0x24
 927 06d6 07       		.byte	0x7
 928 06d7 7402     		.2byte	0x274
 929 06d9 53070000 		.4byte	0x753
 930 06dd 11       		.uleb128 0x11
 931 06de 1F0B0000 		.4byte	.LASF142
 932 06e2 07       		.byte	0x7
 933 06e3 7702     		.2byte	0x277
 934 06e5 CA000000 		.4byte	0xca
 935 06e9 00       		.byte	0
 936 06ea 11       		.uleb128 0x11
 937 06eb D10A0000 		.4byte	.LASF143
 938 06ef 07       		.byte	0x7
 939 06f0 7902     		.2byte	0x279
 940 06f2 21050000 		.4byte	0x521
 941 06f6 04       		.byte	0x4
 942 06f7 11       		.uleb128 0x11
 943 06f8 1A000000 		.4byte	.LASF144
 944 06fc 07       		.byte	0x7
 945 06fd 7A02     		.2byte	0x27a
 946 06ff B8000000 		.4byte	0xb8
 947 0703 08       		.byte	0x8
 948 0704 11       		.uleb128 0x11
 949 0705 F3030000 		.4byte	.LASF145
 950 0709 07       		.byte	0x7
 951 070a 7B02     		.2byte	0x27b
 952 070c CA000000 		.4byte	0xca
 953 0710 0C       		.byte	0xc
 954 0711 11       		.uleb128 0x11
 955 0712 8B010000 		.4byte	.LASF146
 956 0716 07       		.byte	0x7
 957 0717 7D02     		.2byte	0x27d
 958 0719 21050000 		.4byte	0x521
 959 071d 10       		.byte	0x10
 960 071e 11       		.uleb128 0x11
 961 071f 11040000 		.4byte	.LASF147
 962 0723 07       		.byte	0x7
 963 0724 7E02     		.2byte	0x27e
 964 0726 B8000000 		.4byte	0xb8
 965 072a 14       		.byte	0x14
 966 072b 11       		.uleb128 0x11
 967 072c 3E0C0000 		.4byte	.LASF148
 968 0730 07       		.byte	0x7
ARM GAS  C:\Users\markm\AppData\Local\Temp\ccy9L8nc.s 			page 19


 969 0731 7F02     		.2byte	0x27f
 970 0733 CA000000 		.4byte	0xca
 971 0737 18       		.byte	0x18
 972 0738 11       		.uleb128 0x11
 973 0739 30050000 		.4byte	.LASF136
 974 073d 07       		.byte	0x7
 975 073e 8502     		.2byte	0x285
 976 0740 C4060000 		.4byte	0x6c4
 977 0744 1C       		.byte	0x1c
 978 0745 11       		.uleb128 0x11
 979 0746 C90A0000 		.4byte	.LASF149
 980 074a 07       		.byte	0x7
 981 074b 8802     		.2byte	0x288
 982 074d B8000000 		.4byte	0xb8
 983 0751 20       		.byte	0x20
 984 0752 00       		.byte	0
 985 0753 0B       		.uleb128 0xb
 986 0754 72050000 		.4byte	.LASF150
 987 0758 07       		.byte	0x7
 988 0759 8B02     		.2byte	0x28b
 989 075b D0060000 		.4byte	0x6d0
 990 075f 0B       		.uleb128 0xb
 991 0760 CD040000 		.4byte	.LASF151
 992 0764 08       		.byte	0x8
 993 0765 D901     		.2byte	0x1d9
 994 0767 5C050000 		.4byte	0x55c
 995 076b 10       		.uleb128 0x10
 996 076c 150C0000 		.4byte	.LASF152
 997 0770 38       		.byte	0x38
 998 0771 08       		.byte	0x8
 999 0772 7502     		.2byte	0x275
 1000 0774 2F080000 		.4byte	0x82f
 1001 0778 11       		.uleb128 0x11
 1002 0779 00050000 		.4byte	.LASF153
 1003 077d 08       		.byte	0x8
 1004 077e 7802     		.2byte	0x278
 1005 0780 CA000000 		.4byte	0xca
 1006 0784 00       		.byte	0
 1007 0785 11       		.uleb128 0x11
 1008 0786 94060000 		.4byte	.LASF154
 1009 078a 08       		.byte	0x8
 1010 078b 7902     		.2byte	0x279
 1011 078d CA000000 		.4byte	0xca
 1012 0791 04       		.byte	0x4
 1013 0792 11       		.uleb128 0x11
 1014 0793 5E010000 		.4byte	.LASF155
 1015 0797 08       		.byte	0x8
 1016 0798 7B02     		.2byte	0x27b
 1017 079a 21050000 		.4byte	0x521
 1018 079e 08       		.byte	0x8
 1019 079f 11       		.uleb128 0x11
 1020 07a0 97090000 		.4byte	.LASF156
 1021 07a4 08       		.byte	0x8
 1022 07a5 7C02     		.2byte	0x27c
 1023 07a7 B8000000 		.4byte	0xb8
 1024 07ab 0C       		.byte	0xc
 1025 07ac 11       		.uleb128 0x11
ARM GAS  C:\Users\markm\AppData\Local\Temp\ccy9L8nc.s 			page 20


 1026 07ad 97050000 		.4byte	.LASF157
 1027 07b1 08       		.byte	0x8
 1028 07b2 7D02     		.2byte	0x27d
 1029 07b4 CA000000 		.4byte	0xca
 1030 07b8 10       		.byte	0x10
 1031 07b9 11       		.uleb128 0x11
 1032 07ba BA0B0000 		.4byte	.LASF158
 1033 07be 08       		.byte	0x8
 1034 07bf 7E02     		.2byte	0x27e
 1035 07c1 CA000000 		.4byte	0xca
 1036 07c5 14       		.byte	0x14
 1037 07c6 11       		.uleb128 0x11
 1038 07c7 D10A0000 		.4byte	.LASF143
 1039 07cb 08       		.byte	0x8
 1040 07cc 8002     		.2byte	0x280
 1041 07ce 21050000 		.4byte	0x521
 1042 07d2 18       		.byte	0x18
 1043 07d3 11       		.uleb128 0x11
 1044 07d4 1A000000 		.4byte	.LASF144
 1045 07d8 08       		.byte	0x8
 1046 07d9 8102     		.2byte	0x281
 1047 07db B8000000 		.4byte	0xb8
 1048 07df 1C       		.byte	0x1c
 1049 07e0 11       		.uleb128 0x11
 1050 07e1 F3030000 		.4byte	.LASF145
 1051 07e5 08       		.byte	0x8
 1052 07e6 8202     		.2byte	0x282
 1053 07e8 CA000000 		.4byte	0xca
 1054 07ec 20       		.byte	0x20
 1055 07ed 11       		.uleb128 0x11
 1056 07ee 8B010000 		.4byte	.LASF146
 1057 07f2 08       		.byte	0x8
 1058 07f3 8402     		.2byte	0x284
 1059 07f5 21050000 		.4byte	0x521
 1060 07f9 24       		.byte	0x24
 1061 07fa 11       		.uleb128 0x11
 1062 07fb 11040000 		.4byte	.LASF147
 1063 07ff 08       		.byte	0x8
 1064 0800 8502     		.2byte	0x285
 1065 0802 B8000000 		.4byte	0xb8
 1066 0806 28       		.byte	0x28
 1067 0807 11       		.uleb128 0x11
 1068 0808 14070000 		.4byte	.LASF159
 1069 080c 08       		.byte	0x8
 1070 080d 8602     		.2byte	0x286
 1071 080f CA000000 		.4byte	0xca
 1072 0813 2C       		.byte	0x2c
 1073 0814 11       		.uleb128 0x11
 1074 0815 30050000 		.4byte	.LASF136
 1075 0819 08       		.byte	0x8
 1076 081a 8B02     		.2byte	0x28b
 1077 081c 5F070000 		.4byte	0x75f
 1078 0820 30       		.byte	0x30
 1079 0821 11       		.uleb128 0x11
 1080 0822 C90A0000 		.4byte	.LASF149
 1081 0826 08       		.byte	0x8
 1082 0827 8E02     		.2byte	0x28e
ARM GAS  C:\Users\markm\AppData\Local\Temp\ccy9L8nc.s 			page 21


 1083 0829 B8000000 		.4byte	0xb8
 1084 082d 34       		.byte	0x34
 1085 082e 00       		.byte	0
 1086 082f 0B       		.uleb128 0xb
 1087 0830 F70A0000 		.4byte	.LASF160
 1088 0834 08       		.byte	0x8
 1089 0835 9102     		.2byte	0x291
 1090 0837 6B070000 		.4byte	0x76b
 1091 083b 12       		.uleb128 0x12
 1092 083c 02060000 		.4byte	.LASF161
 1093 0840 4C       		.byte	0x4c
 1094 0841 09       		.byte	0x9
 1095 0842 2F       		.byte	0x2f
 1096 0843 2C090000 		.4byte	0x92c
 1097 0847 07       		.uleb128 0x7
 1098 0848 08010000 		.4byte	.LASF162
 1099 084c 09       		.byte	0x9
 1100 084d 31       		.byte	0x31
 1101 084e B8000000 		.4byte	0xb8
 1102 0852 00       		.byte	0
 1103 0853 07       		.uleb128 0x7
 1104 0854 3F010000 		.4byte	.LASF163
 1105 0858 09       		.byte	0x9
 1106 0859 33       		.byte	0x33
 1107 085a B8000000 		.4byte	0xb8
 1108 085e 04       		.byte	0x4
 1109 085f 07       		.uleb128 0x7
 1110 0860 12000000 		.4byte	.LASF164
 1111 0864 09       		.byte	0x9
 1112 0865 34       		.byte	0x34
 1113 0866 B8000000 		.4byte	0xb8
 1114 086a 08       		.byte	0x8
 1115 086b 07       		.uleb128 0x7
 1116 086c E1000000 		.4byte	.LASF165
 1117 0870 09       		.byte	0x9
 1118 0871 35       		.byte	0x35
 1119 0872 B8000000 		.4byte	0xb8
 1120 0876 0C       		.byte	0xc
 1121 0877 07       		.uleb128 0x7
 1122 0878 E3070000 		.4byte	.LASF166
 1123 087c 09       		.byte	0x9
 1124 087d 37       		.byte	0x37
 1125 087e B8000000 		.4byte	0xb8
 1126 0882 10       		.byte	0x10
 1127 0883 07       		.uleb128 0x7
 1128 0884 7A0A0000 		.4byte	.LASF167
 1129 0888 09       		.byte	0x9
 1130 0889 38       		.byte	0x38
 1131 088a B8000000 		.4byte	0xb8
 1132 088e 14       		.byte	0x14
 1133 088f 07       		.uleb128 0x7
 1134 0890 980A0000 		.4byte	.LASF168
 1135 0894 09       		.byte	0x9
 1136 0895 39       		.byte	0x39
 1137 0896 B8000000 		.4byte	0xb8
 1138 089a 18       		.byte	0x18
 1139 089b 07       		.uleb128 0x7
ARM GAS  C:\Users\markm\AppData\Local\Temp\ccy9L8nc.s 			page 22


 1140 089c BB040000 		.4byte	.LASF169
 1141 08a0 09       		.byte	0x9
 1142 08a1 3A       		.byte	0x3a
 1143 08a2 23050000 		.4byte	0x523
 1144 08a6 1C       		.byte	0x1c
 1145 08a7 07       		.uleb128 0x7
 1146 08a8 1B040000 		.4byte	.LASF170
 1147 08ac 09       		.byte	0x9
 1148 08ad 3C       		.byte	0x3c
 1149 08ae B8000000 		.4byte	0xb8
 1150 08b2 20       		.byte	0x20
 1151 08b3 07       		.uleb128 0x7
 1152 08b4 67030000 		.4byte	.LASF171
 1153 08b8 09       		.byte	0x9
 1154 08b9 3D       		.byte	0x3d
 1155 08ba B8000000 		.4byte	0xb8
 1156 08be 24       		.byte	0x24
 1157 08bf 07       		.uleb128 0x7
 1158 08c0 1B010000 		.4byte	.LASF172
 1159 08c4 09       		.byte	0x9
 1160 08c5 3F       		.byte	0x3f
 1161 08c6 B8000000 		.4byte	0xb8
 1162 08ca 28       		.byte	0x28
 1163 08cb 07       		.uleb128 0x7
 1164 08cc AA0B0000 		.4byte	.LASF173
 1165 08d0 09       		.byte	0x9
 1166 08d1 40       		.byte	0x40
 1167 08d2 B8000000 		.4byte	0xb8
 1168 08d6 2C       		.byte	0x2c
 1169 08d7 07       		.uleb128 0x7
 1170 08d8 A5090000 		.4byte	.LASF174
 1171 08dc 09       		.byte	0x9
 1172 08dd 42       		.byte	0x42
 1173 08de B8000000 		.4byte	0xb8
 1174 08e2 30       		.byte	0x30
 1175 08e3 07       		.uleb128 0x7
 1176 08e4 3C070000 		.4byte	.LASF175
 1177 08e8 09       		.byte	0x9
 1178 08e9 43       		.byte	0x43
 1179 08ea B8000000 		.4byte	0xb8
 1180 08ee 34       		.byte	0x34
 1181 08ef 07       		.uleb128 0x7
 1182 08f0 C9050000 		.4byte	.LASF176
 1183 08f4 09       		.byte	0x9
 1184 08f5 45       		.byte	0x45
 1185 08f6 B8000000 		.4byte	0xb8
 1186 08fa 38       		.byte	0x38
 1187 08fb 07       		.uleb128 0x7
 1188 08fc F0000000 		.4byte	.LASF177
 1189 0900 09       		.byte	0x9
 1190 0901 46       		.byte	0x46
 1191 0902 B8000000 		.4byte	0xb8
 1192 0906 3C       		.byte	0x3c
 1193 0907 07       		.uleb128 0x7
 1194 0908 CD090000 		.4byte	.LASF178
 1195 090c 09       		.byte	0x9
 1196 090d 48       		.byte	0x48
ARM GAS  C:\Users\markm\AppData\Local\Temp\ccy9L8nc.s 			page 23


 1197 090e B8000000 		.4byte	0xb8
 1198 0912 40       		.byte	0x40
 1199 0913 07       		.uleb128 0x7
 1200 0914 DE0B0000 		.4byte	.LASF179
 1201 0918 09       		.byte	0x9
 1202 0919 49       		.byte	0x49
 1203 091a B8000000 		.4byte	0xb8
 1204 091e 44       		.byte	0x44
 1205 091f 07       		.uleb128 0x7
 1206 0920 EF080000 		.4byte	.LASF180
 1207 0924 09       		.byte	0x9
 1208 0925 4B       		.byte	0x4b
 1209 0926 B8000000 		.4byte	0xb8
 1210 092a 48       		.byte	0x48
 1211 092b 00       		.byte	0
 1212 092c 03       		.uleb128 0x3
 1213 092d F5010000 		.4byte	.LASF181
 1214 0931 09       		.byte	0x9
 1215 0932 4C       		.byte	0x4c
 1216 0933 3B080000 		.4byte	0x83b
 1217 0937 13       		.uleb128 0x13
 1218 0938 62030000 		.4byte	.LASF192
 1219 093c 01       		.byte	0x1
 1220 093d 2E       		.byte	0x2e
 1221 093e 89000000 		.4byte	0x89
 1222 0942 00000000 		.4byte	.LFB539
 1223 0946 14000000 		.4byte	.LFE539-.LFB539
 1224 094a 01       		.uleb128 0x1
 1225 094b 9C       		.byte	0x9c
 1226 094c 77090000 		.4byte	0x977
 1227 0950 14       		.uleb128 0x14
 1228 0951 08000000 		.4byte	.LVL0
 1229 0955 BE090000 		.4byte	0x9be
 1230 0959 67090000 		.4byte	0x967
 1231 095d 15       		.uleb128 0x15
 1232 095e 01       		.uleb128 0x1
 1233 095f 50       		.byte	0x50
 1234 0960 05       		.uleb128 0x5
 1235 0961 0C       		.byte	0xc
 1236 0962 00000810 		.4byte	0x10080000
 1237 0966 00       		.byte	0
 1238 0967 16       		.uleb128 0x16
 1239 0968 0E000000 		.4byte	.LVL1
 1240 096c CA090000 		.4byte	0x9ca
 1241 0970 15       		.uleb128 0x15
 1242 0971 01       		.uleb128 0x1
 1243 0972 50       		.byte	0x50
 1244 0973 01       		.uleb128 0x1
 1245 0974 30       		.byte	0x30
 1246 0975 00       		.byte	0
 1247 0976 00       		.byte	0
 1248 0977 17       		.uleb128 0x17
 1249 0978 E8060000 		.4byte	.LASF182
 1250 097c 04       		.byte	0x4
 1251 097d A7       		.byte	0xa7
 1252 097e 82090000 		.4byte	0x982
 1253 0982 0C       		.uleb128 0xc
ARM GAS  C:\Users\markm\AppData\Local\Temp\ccy9L8nc.s 			page 24


 1254 0983 04       		.byte	0x4
 1255 0984 88090000 		.4byte	0x988
 1256 0988 18       		.uleb128 0x18
 1257 0989 E7040000 		.4byte	0x4e7
 1258 098d 17       		.uleb128 0x17
 1259 098e 830A0000 		.4byte	.LASF183
 1260 0992 0A       		.byte	0xa
 1261 0993 5E       		.byte	0x5e
 1262 0994 53070000 		.4byte	0x753
 1263 0998 17       		.uleb128 0x17
 1264 0999 6B0B0000 		.4byte	.LASF184
 1265 099d 0B       		.byte	0xb
 1266 099e 1F       		.byte	0x1f
 1267 099f A3090000 		.4byte	0x9a3
 1268 09a3 18       		.uleb128 0x18
 1269 09a4 2C090000 		.4byte	0x92c
 1270 09a8 17       		.uleb128 0x17
 1271 09a9 A5030000 		.4byte	.LASF185
 1272 09ad 0C       		.byte	0xc
 1273 09ae 7F       		.byte	0x7f
 1274 09af B8060000 		.4byte	0x6b8
 1275 09b3 17       		.uleb128 0x17
 1276 09b4 DE020000 		.4byte	.LASF186
 1277 09b8 0D       		.byte	0xd
 1278 09b9 87       		.byte	0x87
 1279 09ba 2F080000 		.4byte	0x82f
 1280 09be 19       		.uleb128 0x19
 1281 09bf 46050000 		.4byte	.LASF187
 1282 09c3 46050000 		.4byte	.LASF187
 1283 09c7 0E       		.byte	0xe
 1284 09c8 1802     		.2byte	0x218
 1285 09ca 19       		.uleb128 0x19
 1286 09cb CE030000 		.4byte	.LASF188
 1287 09cf CE030000 		.4byte	.LASF188
 1288 09d3 05       		.byte	0x5
 1289 09d4 4806     		.2byte	0x648
 1290 09d6 00       		.byte	0
 1291              		.section	.debug_abbrev,"",%progbits
 1292              	.Ldebug_abbrev0:
 1293 0000 01       		.uleb128 0x1
 1294 0001 11       		.uleb128 0x11
 1295 0002 01       		.byte	0x1
 1296 0003 25       		.uleb128 0x25
 1297 0004 0E       		.uleb128 0xe
 1298 0005 13       		.uleb128 0x13
 1299 0006 0B       		.uleb128 0xb
 1300 0007 03       		.uleb128 0x3
 1301 0008 0E       		.uleb128 0xe
 1302 0009 1B       		.uleb128 0x1b
 1303 000a 0E       		.uleb128 0xe
 1304 000b 55       		.uleb128 0x55
 1305 000c 17       		.uleb128 0x17
 1306 000d 11       		.uleb128 0x11
 1307 000e 01       		.uleb128 0x1
 1308 000f 10       		.uleb128 0x10
 1309 0010 17       		.uleb128 0x17
 1310 0011 00       		.byte	0
ARM GAS  C:\Users\markm\AppData\Local\Temp\ccy9L8nc.s 			page 25


 1311 0012 00       		.byte	0
 1312 0013 02       		.uleb128 0x2
 1313 0014 24       		.uleb128 0x24
 1314 0015 00       		.byte	0
 1315 0016 0B       		.uleb128 0xb
 1316 0017 0B       		.uleb128 0xb
 1317 0018 3E       		.uleb128 0x3e
 1318 0019 0B       		.uleb128 0xb
 1319 001a 03       		.uleb128 0x3
 1320 001b 0E       		.uleb128 0xe
 1321 001c 00       		.byte	0
 1322 001d 00       		.byte	0
 1323 001e 03       		.uleb128 0x3
 1324 001f 16       		.uleb128 0x16
 1325 0020 00       		.byte	0
 1326 0021 03       		.uleb128 0x3
 1327 0022 0E       		.uleb128 0xe
 1328 0023 3A       		.uleb128 0x3a
 1329 0024 0B       		.uleb128 0xb
 1330 0025 3B       		.uleb128 0x3b
 1331 0026 0B       		.uleb128 0xb
 1332 0027 49       		.uleb128 0x49
 1333 0028 13       		.uleb128 0x13
 1334 0029 00       		.byte	0
 1335 002a 00       		.byte	0
 1336 002b 04       		.uleb128 0x4
 1337 002c 24       		.uleb128 0x24
 1338 002d 00       		.byte	0
 1339 002e 0B       		.uleb128 0xb
 1340 002f 0B       		.uleb128 0xb
 1341 0030 3E       		.uleb128 0x3e
 1342 0031 0B       		.uleb128 0xb
 1343 0032 03       		.uleb128 0x3
 1344 0033 08       		.uleb128 0x8
 1345 0034 00       		.byte	0
 1346 0035 00       		.byte	0
 1347 0036 05       		.uleb128 0x5
 1348 0037 35       		.uleb128 0x35
 1349 0038 00       		.byte	0
 1350 0039 49       		.uleb128 0x49
 1351 003a 13       		.uleb128 0x13
 1352 003b 00       		.byte	0
 1353 003c 00       		.byte	0
 1354 003d 06       		.uleb128 0x6
 1355 003e 13       		.uleb128 0x13
 1356 003f 01       		.byte	0x1
 1357 0040 0B       		.uleb128 0xb
 1358 0041 0B       		.uleb128 0xb
 1359 0042 3A       		.uleb128 0x3a
 1360 0043 0B       		.uleb128 0xb
 1361 0044 3B       		.uleb128 0x3b
 1362 0045 0B       		.uleb128 0xb
 1363 0046 01       		.uleb128 0x1
 1364 0047 13       		.uleb128 0x13
 1365 0048 00       		.byte	0
 1366 0049 00       		.byte	0
 1367 004a 07       		.uleb128 0x7
ARM GAS  C:\Users\markm\AppData\Local\Temp\ccy9L8nc.s 			page 26


 1368 004b 0D       		.uleb128 0xd
 1369 004c 00       		.byte	0
 1370 004d 03       		.uleb128 0x3
 1371 004e 0E       		.uleb128 0xe
 1372 004f 3A       		.uleb128 0x3a
 1373 0050 0B       		.uleb128 0xb
 1374 0051 3B       		.uleb128 0x3b
 1375 0052 0B       		.uleb128 0xb
 1376 0053 49       		.uleb128 0x49
 1377 0054 13       		.uleb128 0x13
 1378 0055 38       		.uleb128 0x38
 1379 0056 0B       		.uleb128 0xb
 1380 0057 00       		.byte	0
 1381 0058 00       		.byte	0
 1382 0059 08       		.uleb128 0x8
 1383 005a 04       		.uleb128 0x4
 1384 005b 01       		.byte	0x1
 1385 005c 0B       		.uleb128 0xb
 1386 005d 0B       		.uleb128 0xb
 1387 005e 49       		.uleb128 0x49
 1388 005f 13       		.uleb128 0x13
 1389 0060 3A       		.uleb128 0x3a
 1390 0061 0B       		.uleb128 0xb
 1391 0062 3B       		.uleb128 0x3b
 1392 0063 05       		.uleb128 0x5
 1393 0064 01       		.uleb128 0x1
 1394 0065 13       		.uleb128 0x13
 1395 0066 00       		.byte	0
 1396 0067 00       		.byte	0
 1397 0068 09       		.uleb128 0x9
 1398 0069 28       		.uleb128 0x28
 1399 006a 00       		.byte	0
 1400 006b 03       		.uleb128 0x3
 1401 006c 0E       		.uleb128 0xe
 1402 006d 1C       		.uleb128 0x1c
 1403 006e 0B       		.uleb128 0xb
 1404 006f 00       		.byte	0
 1405 0070 00       		.byte	0
 1406 0071 0A       		.uleb128 0xa
 1407 0072 0F       		.uleb128 0xf
 1408 0073 00       		.byte	0
 1409 0074 0B       		.uleb128 0xb
 1410 0075 0B       		.uleb128 0xb
 1411 0076 00       		.byte	0
 1412 0077 00       		.byte	0
 1413 0078 0B       		.uleb128 0xb
 1414 0079 16       		.uleb128 0x16
 1415 007a 00       		.byte	0
 1416 007b 03       		.uleb128 0x3
 1417 007c 0E       		.uleb128 0xe
 1418 007d 3A       		.uleb128 0x3a
 1419 007e 0B       		.uleb128 0xb
 1420 007f 3B       		.uleb128 0x3b
 1421 0080 05       		.uleb128 0x5
 1422 0081 49       		.uleb128 0x49
 1423 0082 13       		.uleb128 0x13
 1424 0083 00       		.byte	0
ARM GAS  C:\Users\markm\AppData\Local\Temp\ccy9L8nc.s 			page 27


 1425 0084 00       		.byte	0
 1426 0085 0C       		.uleb128 0xc
 1427 0086 0F       		.uleb128 0xf
 1428 0087 00       		.byte	0
 1429 0088 0B       		.uleb128 0xb
 1430 0089 0B       		.uleb128 0xb
 1431 008a 49       		.uleb128 0x49
 1432 008b 13       		.uleb128 0x13
 1433 008c 00       		.byte	0
 1434 008d 00       		.byte	0
 1435 008e 0D       		.uleb128 0xd
 1436 008f 15       		.uleb128 0x15
 1437 0090 01       		.byte	0x1
 1438 0091 27       		.uleb128 0x27
 1439 0092 19       		.uleb128 0x19
 1440 0093 01       		.uleb128 0x1
 1441 0094 13       		.uleb128 0x13
 1442 0095 00       		.byte	0
 1443 0096 00       		.byte	0
 1444 0097 0E       		.uleb128 0xe
 1445 0098 05       		.uleb128 0x5
 1446 0099 00       		.byte	0
 1447 009a 49       		.uleb128 0x49
 1448 009b 13       		.uleb128 0x13
 1449 009c 00       		.byte	0
 1450 009d 00       		.byte	0
 1451 009e 0F       		.uleb128 0xf
 1452 009f 15       		.uleb128 0x15
 1453 00a0 01       		.byte	0x1
 1454 00a1 27       		.uleb128 0x27
 1455 00a2 19       		.uleb128 0x19
 1456 00a3 49       		.uleb128 0x49
 1457 00a4 13       		.uleb128 0x13
 1458 00a5 01       		.uleb128 0x1
 1459 00a6 13       		.uleb128 0x13
 1460 00a7 00       		.byte	0
 1461 00a8 00       		.byte	0
 1462 00a9 10       		.uleb128 0x10
 1463 00aa 13       		.uleb128 0x13
 1464 00ab 01       		.byte	0x1
 1465 00ac 03       		.uleb128 0x3
 1466 00ad 0E       		.uleb128 0xe
 1467 00ae 0B       		.uleb128 0xb
 1468 00af 0B       		.uleb128 0xb
 1469 00b0 3A       		.uleb128 0x3a
 1470 00b1 0B       		.uleb128 0xb
 1471 00b2 3B       		.uleb128 0x3b
 1472 00b3 05       		.uleb128 0x5
 1473 00b4 01       		.uleb128 0x1
 1474 00b5 13       		.uleb128 0x13
 1475 00b6 00       		.byte	0
 1476 00b7 00       		.byte	0
 1477 00b8 11       		.uleb128 0x11
 1478 00b9 0D       		.uleb128 0xd
 1479 00ba 00       		.byte	0
 1480 00bb 03       		.uleb128 0x3
 1481 00bc 0E       		.uleb128 0xe
ARM GAS  C:\Users\markm\AppData\Local\Temp\ccy9L8nc.s 			page 28


 1482 00bd 3A       		.uleb128 0x3a
 1483 00be 0B       		.uleb128 0xb
 1484 00bf 3B       		.uleb128 0x3b
 1485 00c0 05       		.uleb128 0x5
 1486 00c1 49       		.uleb128 0x49
 1487 00c2 13       		.uleb128 0x13
 1488 00c3 38       		.uleb128 0x38
 1489 00c4 0B       		.uleb128 0xb
 1490 00c5 00       		.byte	0
 1491 00c6 00       		.byte	0
 1492 00c7 12       		.uleb128 0x12
 1493 00c8 13       		.uleb128 0x13
 1494 00c9 01       		.byte	0x1
 1495 00ca 03       		.uleb128 0x3
 1496 00cb 0E       		.uleb128 0xe
 1497 00cc 0B       		.uleb128 0xb
 1498 00cd 0B       		.uleb128 0xb
 1499 00ce 3A       		.uleb128 0x3a
 1500 00cf 0B       		.uleb128 0xb
 1501 00d0 3B       		.uleb128 0x3b
 1502 00d1 0B       		.uleb128 0xb
 1503 00d2 01       		.uleb128 0x1
 1504 00d3 13       		.uleb128 0x13
 1505 00d4 00       		.byte	0
 1506 00d5 00       		.byte	0
 1507 00d6 13       		.uleb128 0x13
 1508 00d7 2E       		.uleb128 0x2e
 1509 00d8 01       		.byte	0x1
 1510 00d9 3F       		.uleb128 0x3f
 1511 00da 19       		.uleb128 0x19
 1512 00db 03       		.uleb128 0x3
 1513 00dc 0E       		.uleb128 0xe
 1514 00dd 3A       		.uleb128 0x3a
 1515 00de 0B       		.uleb128 0xb
 1516 00df 3B       		.uleb128 0x3b
 1517 00e0 0B       		.uleb128 0xb
 1518 00e1 27       		.uleb128 0x27
 1519 00e2 19       		.uleb128 0x19
 1520 00e3 49       		.uleb128 0x49
 1521 00e4 13       		.uleb128 0x13
 1522 00e5 8701     		.uleb128 0x87
 1523 00e7 19       		.uleb128 0x19
 1524 00e8 11       		.uleb128 0x11
 1525 00e9 01       		.uleb128 0x1
 1526 00ea 12       		.uleb128 0x12
 1527 00eb 06       		.uleb128 0x6
 1528 00ec 40       		.uleb128 0x40
 1529 00ed 18       		.uleb128 0x18
 1530 00ee 9742     		.uleb128 0x2117
 1531 00f0 19       		.uleb128 0x19
 1532 00f1 01       		.uleb128 0x1
 1533 00f2 13       		.uleb128 0x13
 1534 00f3 00       		.byte	0
 1535 00f4 00       		.byte	0
 1536 00f5 14       		.uleb128 0x14
 1537 00f6 898201   		.uleb128 0x4109
 1538 00f9 01       		.byte	0x1
ARM GAS  C:\Users\markm\AppData\Local\Temp\ccy9L8nc.s 			page 29


 1539 00fa 11       		.uleb128 0x11
 1540 00fb 01       		.uleb128 0x1
 1541 00fc 31       		.uleb128 0x31
 1542 00fd 13       		.uleb128 0x13
 1543 00fe 01       		.uleb128 0x1
 1544 00ff 13       		.uleb128 0x13
 1545 0100 00       		.byte	0
 1546 0101 00       		.byte	0
 1547 0102 15       		.uleb128 0x15
 1548 0103 8A8201   		.uleb128 0x410a
 1549 0106 00       		.byte	0
 1550 0107 02       		.uleb128 0x2
 1551 0108 18       		.uleb128 0x18
 1552 0109 9142     		.uleb128 0x2111
 1553 010b 18       		.uleb128 0x18
 1554 010c 00       		.byte	0
 1555 010d 00       		.byte	0
 1556 010e 16       		.uleb128 0x16
 1557 010f 898201   		.uleb128 0x4109
 1558 0112 01       		.byte	0x1
 1559 0113 11       		.uleb128 0x11
 1560 0114 01       		.uleb128 0x1
 1561 0115 31       		.uleb128 0x31
 1562 0116 13       		.uleb128 0x13
 1563 0117 00       		.byte	0
 1564 0118 00       		.byte	0
 1565 0119 17       		.uleb128 0x17
 1566 011a 34       		.uleb128 0x34
 1567 011b 00       		.byte	0
 1568 011c 03       		.uleb128 0x3
 1569 011d 0E       		.uleb128 0xe
 1570 011e 3A       		.uleb128 0x3a
 1571 011f 0B       		.uleb128 0xb
 1572 0120 3B       		.uleb128 0x3b
 1573 0121 0B       		.uleb128 0xb
 1574 0122 49       		.uleb128 0x49
 1575 0123 13       		.uleb128 0x13
 1576 0124 3F       		.uleb128 0x3f
 1577 0125 19       		.uleb128 0x19
 1578 0126 3C       		.uleb128 0x3c
 1579 0127 19       		.uleb128 0x19
 1580 0128 00       		.byte	0
 1581 0129 00       		.byte	0
 1582 012a 18       		.uleb128 0x18
 1583 012b 26       		.uleb128 0x26
 1584 012c 00       		.byte	0
 1585 012d 49       		.uleb128 0x49
 1586 012e 13       		.uleb128 0x13
 1587 012f 00       		.byte	0
 1588 0130 00       		.byte	0
 1589 0131 19       		.uleb128 0x19
 1590 0132 2E       		.uleb128 0x2e
 1591 0133 00       		.byte	0
 1592 0134 3F       		.uleb128 0x3f
 1593 0135 19       		.uleb128 0x19
 1594 0136 3C       		.uleb128 0x3c
 1595 0137 19       		.uleb128 0x19
ARM GAS  C:\Users\markm\AppData\Local\Temp\ccy9L8nc.s 			page 30


 1596 0138 6E       		.uleb128 0x6e
 1597 0139 0E       		.uleb128 0xe
 1598 013a 03       		.uleb128 0x3
 1599 013b 0E       		.uleb128 0xe
 1600 013c 3A       		.uleb128 0x3a
 1601 013d 0B       		.uleb128 0xb
 1602 013e 3B       		.uleb128 0x3b
 1603 013f 05       		.uleb128 0x5
 1604 0140 00       		.byte	0
 1605 0141 00       		.byte	0
 1606 0142 00       		.byte	0
 1607              		.section	.debug_aranges,"",%progbits
 1608 0000 1C000000 		.4byte	0x1c
 1609 0004 0200     		.2byte	0x2
 1610 0006 00000000 		.4byte	.Ldebug_info0
 1611 000a 04       		.byte	0x4
 1612 000b 00       		.byte	0
 1613 000c 0000     		.2byte	0
 1614 000e 0000     		.2byte	0
 1615 0010 00000000 		.4byte	.LFB539
 1616 0014 14000000 		.4byte	.LFE539-.LFB539
 1617 0018 00000000 		.4byte	0
 1618 001c 00000000 		.4byte	0
 1619              		.section	.debug_ranges,"",%progbits
 1620              	.Ldebug_ranges0:
 1621 0000 00000000 		.4byte	.LFB539
 1622 0004 14000000 		.4byte	.LFE539
 1623 0008 00000000 		.4byte	0
 1624 000c 00000000 		.4byte	0
 1625              		.section	.debug_line,"",%progbits
 1626              	.Ldebug_line0:
 1627 0000 D4020000 		.section	.debug_str,"MS",%progbits,1
 1627      0200B902 
 1627      00000201 
 1627      FB0E0D00 
 1627      01010101 
 1628              	.LASF54:
 1629 0000 70726F74 		.ascii	"protBusMasterMask\000"
 1629      4275734D 
 1629      61737465 
 1629      724D6173 
 1629      6B00
 1630              	.LASF164:
 1631 0012 72756E4D 		.ascii	"runMode\000"
 1631      6F646500 
 1632              	.LASF144:
 1633 001a 72784275 		.ascii	"rxBufSize\000"
 1633      6653697A 
 1633      6500
 1634              	.LASF64:
 1635 0024 666C6173 		.ascii	"flashCtlMainWs3Freq\000"
 1635      6843746C 
 1635      4D61696E 
 1635      57733346 
 1635      72657100 
 1636              	.LASF86:
 1637 0038 6770696F 		.ascii	"gpioPrtCfgInOffset\000"
ARM GAS  C:\Users\markm\AppData\Local\Temp\ccy9L8nc.s 			page 31


 1637      50727443 
 1637      6667496E 
 1637      4F666673 
 1637      657400
 1638              	.LASF104:
 1639 004b 6970634C 		.ascii	"ipcLockStatusOffset\000"
 1639      6F636B53 
 1639      74617475 
 1639      734F6666 
 1639      73657400 
 1640              	.LASF30:
 1641 005f 63727970 		.ascii	"cryptoVersion\000"
 1641      746F5665 
 1641      7273696F 
 1641      6E00
 1642              	.LASF68:
 1643 006d 64774368 		.ascii	"dwChCtlPrioPos\000"
 1643      43746C50 
 1643      72696F50 
 1643      6F7300
 1644              	.LASF26:
 1645 007c 70617373 		.ascii	"passBase\000"
 1645      42617365 
 1645      00
 1646              	.LASF190:
 1647 0085 6D61696E 		.ascii	"main_cm0p.c\000"
 1647      5F636D30 
 1647      702E6300 
 1648              	.LASF39:
 1649 0091 63707573 		.ascii	"cpussIpcIrqNr\000"
 1649      73497063 
 1649      4972714E 
 1649      7200
 1650              	.LASF3:
 1651 009f 5F5F7569 		.ascii	"__uint8_t\000"
 1651      6E74385F 
 1651      7400
 1652              	.LASF127:
 1653 00a9 736C6176 		.ascii	"slaveStatus\000"
 1653      65537461 
 1653      74757300 
 1654              	.LASF83:
 1655 00b5 70657269 		.ascii	"periDiv24_5CtlOffset\000"
 1655      44697632 
 1655      345F3543 
 1655      746C4F66 
 1655      66736574 
 1656              	.LASF90:
 1657 00ca 63707573 		.ascii	"cpussCm4ClockCtlOffset\000"
 1657      73436D34 
 1657      436C6F63 
 1657      6B43746C 
 1657      4F666673 
 1658              	.LASF165:
 1659 00e1 636F756E 		.ascii	"countDirection\000"
 1659      74446972 
 1659      65637469 
ARM GAS  C:\Users\markm\AppData\Local\Temp\ccy9L8nc.s 			page 32


 1659      6F6E00
 1660              	.LASF177:
 1661 00f0 73746F70 		.ascii	"stopInputMode\000"
 1661      496E7075 
 1661      744D6F64 
 1661      6500
 1662              	.LASF19:
 1663 00fe 63707573 		.ascii	"cpussBase\000"
 1663      73426173 
 1663      6500
 1664              	.LASF162:
 1665 0108 70657269 		.ascii	"period\000"
 1665      6F6400
 1666              	.LASF48:
 1667 010f 70657269 		.ascii	"periClockNr\000"
 1667      436C6F63 
 1667      6B4E7200 
 1668              	.LASF172:
 1669 011b 63617074 		.ascii	"captureInput\000"
 1669      75726549 
 1669      6E707574 
 1669      00
 1670              	.LASF11:
 1671 0128 6C6F6E67 		.ascii	"long long unsigned int\000"
 1671      206C6F6E 
 1671      6720756E 
 1671      7369676E 
 1671      65642069 
 1672              	.LASF163:
 1673 013f 636C6F63 		.ascii	"clockPrescaler\000"
 1673      6B507265 
 1673      7363616C 
 1673      657200
 1674              	.LASF72:
 1675 014e 70657269 		.ascii	"periTrCmdOffset\000"
 1675      5472436D 
 1675      644F6666 
 1675      73657400 
 1676              	.LASF155:
 1677 015e 72785269 		.ascii	"rxRingBuf\000"
 1677      6E674275 
 1677      6600
 1678              	.LASF96:
 1679 0168 63707573 		.ascii	"cpussSysTickCtlOffset\000"
 1679      73537973 
 1679      5469636B 
 1679      43746C4F 
 1679      66667365 
 1680              	.LASF120:
 1681 017e 6D617374 		.ascii	"masterStatus\000"
 1681      65725374 
 1681      61747573 
 1681      00
 1682              	.LASF146:
 1683 018b 74784275 		.ascii	"txBuf\000"
 1683      6600
 1684              	.LASF57:
ARM GAS  C:\Users\markm\AppData\Local\Temp\ccy9L8nc.s 			page 33


 1685 0191 666C6173 		.ascii	"flashPipeRequired\000"
 1685      68506970 
 1685      65526571 
 1685      75697265 
 1685      6400
 1686              	.LASF135:
 1687 01a3 736C6176 		.ascii	"slaveRxBufferIdx\000"
 1687      65527842 
 1687      75666665 
 1687      72496478 
 1687      00
 1688              	.LASF140:
 1689 01b4 63795F73 		.ascii	"cy_stc_scb_i2c_context\000"
 1689      74635F73 
 1689      63625F69 
 1689      32635F63 
 1689      6F6E7465 
 1690              	.LASF61:
 1691 01cb 666C6173 		.ascii	"flashCtlMainWs0Freq\000"
 1691      6843746C 
 1691      4D61696E 
 1691      57733046 
 1691      72657100 
 1692              	.LASF14:
 1693 01df 696E7431 		.ascii	"int16_t\000"
 1693      365F7400 
 1694              	.LASF10:
 1695 01e7 6C6F6E67 		.ascii	"long long int\000"
 1695      206C6F6E 
 1695      6720696E 
 1695      7400
 1696              	.LASF181:
 1697 01f5 63795F73 		.ascii	"cy_stc_tcpwm_counter_config_t\000"
 1697      74635F74 
 1697      6370776D 
 1697      5F636F75 
 1697      6E746572 
 1698              	.LASF141:
 1699 0213 63795F73 		.ascii	"cy_stc_scb_spi_context\000"
 1699      74635F73 
 1699      63625F73 
 1699      70695F63 
 1699      6F6E7465 
 1700              	.LASF77:
 1701 022a 70657269 		.ascii	"periDivCmdTypeSelPos\000"
 1701      44697643 
 1701      6D645479 
 1701      70655365 
 1701      6C506F73 
 1702              	.LASF23:
 1703 023f 70726F74 		.ascii	"protBase\000"
 1703      42617365 
 1703      00
 1704              	.LASF35:
 1705 0248 69706356 		.ascii	"ipcVersion\000"
 1705      65727369 
 1705      6F6E00
ARM GAS  C:\Users\markm\AppData\Local\Temp\ccy9L8nc.s 			page 34


 1706              	.LASF134:
 1707 0253 736C6176 		.ascii	"slaveRxBufferSize\000"
 1707      65527842 
 1707      75666665 
 1707      7253697A 
 1707      6500
 1708              	.LASF97:
 1709 0265 63707573 		.ascii	"cpussCm0NmiCtlOffset\000"
 1709      73436D30 
 1709      4E6D6943 
 1709      746C4F66 
 1709      66736574 
 1710              	.LASF139:
 1711 027a 63795F63 		.ascii	"cy_cb_scb_spi_handle_events_t\000"
 1711      625F7363 
 1711      625F7370 
 1711      695F6861 
 1711      6E646C65 
 1712              	.LASF45:
 1713 0298 73727373 		.ascii	"srssNumClkpath\000"
 1713      4E756D43 
 1713      6C6B7061 
 1713      746800
 1714              	.LASF24:
 1715 02a7 6873696F 		.ascii	"hsiomBase\000"
 1715      6D426173 
 1715      6500
 1716              	.LASF119:
 1717 02b1 73746174 		.ascii	"state\000"
 1717      6500
 1718              	.LASF115:
 1719 02b7 63795F63 		.ascii	"cy_cb_scb_i2c_handle_events_t\000"
 1719      625F7363 
 1719      625F6932 
 1719      635F6861 
 1719      6E646C65 
 1720              	.LASF7:
 1721 02d5 6C6F6E67 		.ascii	"long int\000"
 1721      20696E74 
 1721      00
 1722              	.LASF186:
 1723 02de 55415254 		.ascii	"UART_1_context\000"
 1723      5F315F63 
 1723      6F6E7465 
 1723      787400
 1724              	.LASF122:
 1725 02ed 6D617374 		.ascii	"masterRdDir\000"
 1725      65725264 
 1725      44697200 
 1726              	.LASF113:
 1727 02f9 43595F53 		.ascii	"CY_SCB_I2C_NAK\000"
 1727      43425F49 
 1727      32435F4E 
 1727      414B00
 1728              	.LASF55:
 1729 0308 63727970 		.ascii	"cryptoMemSize\000"
 1729      746F4D65 
ARM GAS  C:\Users\markm\AppData\Local\Temp\ccy9L8nc.s 			page 35


 1729      6D53697A 
 1729      6500
 1730              	.LASF21:
 1731 0316 70657269 		.ascii	"periBase\000"
 1731      42617365 
 1731      00
 1732              	.LASF53:
 1733 031f 73797350 		.ascii	"sysPmSimoPresent\000"
 1733      6D53696D 
 1733      6F507265 
 1733      73656E74 
 1733      00
 1734              	.LASF43:
 1735 0330 63707573 		.ascii	"cpussFmIrq\000"
 1735      73466D49 
 1735      727100
 1736              	.LASF108:
 1737 033b 646F7562 		.ascii	"double\000"
 1737      6C6500
 1738              	.LASF82:
 1739 0342 70657269 		.ascii	"periDiv16_5CtlOffset\000"
 1739      44697631 
 1739      365F3543 
 1739      746C4F66 
 1739      66736574 
 1740              	.LASF46:
 1741 0357 73727373 		.ascii	"srssNumPll\000"
 1741      4E756D50 
 1741      6C6C00
 1742              	.LASF192:
 1743 0362 6D61696E 		.ascii	"main\000"
 1743      00
 1744              	.LASF171:
 1745 0367 63617074 		.ascii	"captureInputMode\000"
 1745      75726549 
 1745      6E707574 
 1745      4D6F6465 
 1745      00
 1746              	.LASF80:
 1747 0378 70657269 		.ascii	"periDiv8CtlOffset\000"
 1747      44697638 
 1747      43746C4F 
 1747      66667365 
 1747      7400
 1748              	.LASF87:
 1749 038a 6770696F 		.ascii	"gpioPrtCfgOutOffset\000"
 1749      50727443 
 1749      66674F75 
 1749      744F6666 
 1749      73657400 
 1750              	.LASF137:
 1751 039e 63624164 		.ascii	"cbAddr\000"
 1751      647200
 1752              	.LASF185:
 1753 03a5 4932435F 		.ascii	"I2C_1_context\000"
 1753      315F636F 
 1753      6E746578 
ARM GAS  C:\Users\markm\AppData\Local\Temp\ccy9L8nc.s 			page 36


 1753      7400
 1754              	.LASF8:
 1755 03b3 5F5F7569 		.ascii	"__uint32_t\000"
 1755      6E743332 
 1755      5F7400
 1756              	.LASF50:
 1757 03be 70617373 		.ascii	"passSarChannels\000"
 1757      53617243 
 1757      68616E6E 
 1757      656C7300 
 1758              	.LASF188:
 1759 03ce 43795F53 		.ascii	"Cy_SysPm_CpuEnterDeepSleep\000"
 1759      7973506D 
 1759      5F437075 
 1759      456E7465 
 1759      72446565 
 1760              	.LASF4:
 1761 03e9 5F5F696E 		.ascii	"__int16_t\000"
 1761      7431365F 
 1761      7400
 1762              	.LASF145:
 1763 03f3 72784275 		.ascii	"rxBufIdx\000"
 1763      66496478 
 1763      00
 1764              	.LASF93:
 1765 03fc 63707573 		.ascii	"cpussCm4PwrCtlOffset\000"
 1765      73436D34 
 1765      50777243 
 1765      746C4F66 
 1765      66736574 
 1766              	.LASF147:
 1767 0411 74784275 		.ascii	"txBufSize\000"
 1767      6653697A 
 1767      6500
 1768              	.LASF170:
 1769 041b 696E7465 		.ascii	"interruptSources\000"
 1769      72727570 
 1769      74536F75 
 1769      72636573 
 1769      00
 1770              	.LASF88:
 1771 042c 6770696F 		.ascii	"gpioPrtCfgSioOffset\000"
 1771      50727443 
 1771      66675369 
 1771      6F4F6666 
 1771      73657400 
 1772              	.LASF40:
 1773 0440 63707573 		.ascii	"cpussDwChNr\000"
 1773      73447743 
 1773      684E7200 
 1774              	.LASF12:
 1775 044c 756E7369 		.ascii	"unsigned int\000"
 1775      676E6564 
 1775      20696E74 
 1775      00
 1776              	.LASF131:
 1777 0459 736C6176 		.ascii	"slaveTxBufferIdx\000"
ARM GAS  C:\Users\markm\AppData\Local\Temp\ccy9L8nc.s 			page 37


 1777      65547842 
 1777      75666665 
 1777      72496478 
 1777      00
 1778              	.LASF15:
 1779 046a 75696E74 		.ascii	"uint16_t\000"
 1779      31365F74 
 1779      00
 1780              	.LASF128:
 1781 0473 736C6176 		.ascii	"slaveRdBufEmpty\000"
 1781      65526442 
 1781      7566456D 
 1781      70747900 
 1782              	.LASF73:
 1783 0483 70657269 		.ascii	"periTrCmdGrSelMsk\000"
 1783      5472436D 
 1783      64477253 
 1783      656C4D73 
 1783      6B00
 1784              	.LASF62:
 1785 0495 666C6173 		.ascii	"flashCtlMainWs1Freq\000"
 1785      6843746C 
 1785      4D61696E 
 1785      57733146 
 1785      72657100 
 1786              	.LASF9:
 1787 04a9 6C6F6E67 		.ascii	"long unsigned int\000"
 1787      20756E73 
 1787      69676E65 
 1787      6420696E 
 1787      7400
 1788              	.LASF169:
 1789 04bb 656E6162 		.ascii	"enableCompareSwap\000"
 1789      6C65436F 
 1789      6D706172 
 1789      65537761 
 1789      7000
 1790              	.LASF151:
 1791 04cd 63795F63 		.ascii	"cy_cb_scb_uart_handle_events_t\000"
 1791      625F7363 
 1791      625F7561 
 1791      72745F68 
 1791      616E646C 
 1792              	.LASF38:
 1793 04ec 63707573 		.ascii	"cpussIpcNr\000"
 1793      73497063 
 1793      4E7200
 1794              	.LASF25:
 1795 04f7 6770696F 		.ascii	"gpioBase\000"
 1795      42617365 
 1795      00
 1796              	.LASF153:
 1797 0500 74785374 		.ascii	"txStatus\000"
 1797      61747573 
 1797      00
 1798              	.LASF118:
 1799 0509 75736554 		.ascii	"useTxFifo\000"
ARM GAS  C:\Users\markm\AppData\Local\Temp\ccy9L8nc.s 			page 38


 1799      78466966 
 1799      6F00
 1800              	.LASF74:
 1801 0513 70657269 		.ascii	"periTrGrOffset\000"
 1801      54724772 
 1801      4F666673 
 1801      657400
 1802              	.LASF101:
 1803 0522 63707573 		.ascii	"cpussRam1Ctl0\000"
 1803      7352616D 
 1803      3143746C 
 1803      3000
 1804              	.LASF136:
 1805 0530 63624576 		.ascii	"cbEvents\000"
 1805      656E7473 
 1805      00
 1806              	.LASF75:
 1807 0539 70657269 		.ascii	"periTrGrSize\000"
 1807      54724772 
 1807      53697A65 
 1807      00
 1808              	.LASF187:
 1809 0546 43795F53 		.ascii	"Cy_SysEnableCM4\000"
 1809      7973456E 
 1809      61626C65 
 1809      434D3400 
 1810              	.LASF33:
 1811 0556 6770696F 		.ascii	"gpioVersion\000"
 1811      56657273 
 1811      696F6E00 
 1812              	.LASF105:
 1813 0562 63795F73 		.ascii	"cy_stc_device_t\000"
 1813      74635F64 
 1813      65766963 
 1813      655F7400 
 1814              	.LASF150:
 1815 0572 63795F73 		.ascii	"cy_stc_scb_spi_context_t\000"
 1815      74635F73 
 1815      63625F73 
 1815      70695F63 
 1815      6F6E7465 
 1816              	.LASF51:
 1817 058b 65704D6F 		.ascii	"epMonitorNr\000"
 1817      6E69746F 
 1817      724E7200 
 1818              	.LASF157:
 1819 0597 72785269 		.ascii	"rxRingBufHead\000"
 1819      6E674275 
 1819      66486561 
 1819      6400
 1820              	.LASF94:
 1821 05a5 63707573 		.ascii	"cpussTrimRamCtlOffset\000"
 1821      73547269 
 1821      6D52616D 
 1821      43746C4F 
 1821      66667365 
 1822              	.LASF133:
ARM GAS  C:\Users\markm\AppData\Local\Temp\ccy9L8nc.s 			page 39


 1823 05bb 736C6176 		.ascii	"slaveRxBuffer\000"
 1823      65527842 
 1823      75666665 
 1823      7200
 1824              	.LASF176:
 1825 05c9 73746172 		.ascii	"startInput\000"
 1825      74496E70 
 1825      757400
 1826              	.LASF29:
 1827 05d4 63707573 		.ascii	"cpussVersion\000"
 1827      73566572 
 1827      73696F6E 
 1827      00
 1828              	.LASF36:
 1829 05e1 70657269 		.ascii	"periVersion\000"
 1829      56657273 
 1829      696F6E00 
 1830              	.LASF92:
 1831 05ed 63707573 		.ascii	"cpussCm0StatusOffset\000"
 1831      73436D30 
 1831      53746174 
 1831      75734F66 
 1831      66736574 
 1832              	.LASF161:
 1833 0602 63795F73 		.ascii	"cy_stc_tcpwm_counter_config\000"
 1833      74635F74 
 1833      6370776D 
 1833      5F636F75 
 1833      6E746572 
 1834              	.LASF17:
 1835 061e 73697A65 		.ascii	"sizetype\000"
 1835      74797065 
 1835      00
 1836              	.LASF66:
 1837 0627 64774368 		.ascii	"dwChOffset\000"
 1837      4F666673 
 1837      657400
 1838              	.LASF125:
 1839 0632 6D617374 		.ascii	"masterBufferIdx\000"
 1839      65724275 
 1839      66666572 
 1839      49647800 
 1840              	.LASF41:
 1841 0642 63707573 		.ascii	"cpussFlashPaSize\000"
 1841      73466C61 
 1841      73685061 
 1841      53697A65 
 1841      00
 1842              	.LASF79:
 1843 0653 70657269 		.ascii	"periDivCmdPaTypeSelPos\000"
 1843      44697643 
 1843      6D645061 
 1843      54797065 
 1843      53656C50 
 1844              	.LASF102:
 1845 066a 63707573 		.ascii	"cpussRam2Ctl0\000"
 1845      7352616D 
ARM GAS  C:\Users\markm\AppData\Local\Temp\ccy9L8nc.s 			page 40


 1845      3243746C 
 1845      3000
 1846              	.LASF70:
 1847 0678 64775374 		.ascii	"dwStatusChIdxPos\000"
 1847      61747573 
 1847      43684964 
 1847      78506F73 
 1847      00
 1848              	.LASF52:
 1849 0689 75646250 		.ascii	"udbPresent\000"
 1849      72657365 
 1849      6E7400
 1850              	.LASF154:
 1851 0694 72785374 		.ascii	"rxStatus\000"
 1851      61747573 
 1851      00
 1852              	.LASF32:
 1853 069d 666C6173 		.ascii	"flashcVersion\000"
 1853      68635665 
 1853      7273696F 
 1853      6E00
 1854              	.LASF28:
 1855 06ab 63727970 		.ascii	"cryptoBase\000"
 1855      746F4261 
 1855      736500
 1856              	.LASF49:
 1857 06b6 736D6966 		.ascii	"smifDeviceNr\000"
 1857      44657669 
 1857      63654E72 
 1857      00
 1858              	.LASF103:
 1859 06c3 69706353 		.ascii	"ipcStructSize\000"
 1859      74727563 
 1859      7453697A 
 1859      6500
 1860              	.LASF107:
 1861 06d1 666C6F61 		.ascii	"float\000"
 1861      7400
 1862              	.LASF71:
 1863 06d7 64775374 		.ascii	"dwStatusChIdxMsk\000"
 1863      61747573 
 1863      43684964 
 1863      784D736B 
 1863      00
 1864              	.LASF182:
 1865 06e8 63795F64 		.ascii	"cy_device\000"
 1865      65766963 
 1865      6500
 1866              	.LASF99:
 1867 06f2 63707573 		.ascii	"cpussRomCtl\000"
 1867      73526F6D 
 1867      43746C00 
 1868              	.LASF69:
 1869 06fe 64774368 		.ascii	"dwChCtlPreemptablePos\000"
 1869      43746C50 
 1869      7265656D 
 1869      70746162 
ARM GAS  C:\Users\markm\AppData\Local\Temp\ccy9L8nc.s 			page 41


 1869      6C65506F 
 1870              	.LASF159:
 1871 0714 74784C65 		.ascii	"txLeftToTransmit\000"
 1871      6674546F 
 1871      5472616E 
 1871      736D6974 
 1871      00
 1872              	.LASF22:
 1873 0725 75646242 		.ascii	"udbBase\000"
 1873      61736500 
 1874              	.LASF112:
 1875 072d 43595F53 		.ascii	"CY_SCB_I2C_ACK\000"
 1875      43425F49 
 1875      32435F41 
 1875      434B00
 1876              	.LASF175:
 1877 073c 73746172 		.ascii	"startInputMode\000"
 1877      74496E70 
 1877      75744D6F 
 1877      646500
 1878              	.LASF1:
 1879 074b 756E7369 		.ascii	"unsigned char\000"
 1879      676E6564 
 1879      20636861 
 1879      7200
 1880              	.LASF65:
 1881 0759 666C6173 		.ascii	"flashCtlMainWs4Freq\000"
 1881      6843746C 
 1881      4D61696E 
 1881      57733446 
 1881      72657100 
 1882              	.LASF0:
 1883 076d 73686F72 		.ascii	"short int\000"
 1883      7420696E 
 1883      7400
 1884              	.LASF124:
 1885 0777 6D617374 		.ascii	"masterBufferSize\000"
 1885      65724275 
 1885      66666572 
 1885      53697A65 
 1885      00
 1886              	.LASF76:
 1887 0788 70657269 		.ascii	"periDivCmdDivSelMsk\000"
 1887      44697643 
 1887      6D644469 
 1887      7653656C 
 1887      4D736B00 
 1888              	.LASF63:
 1889 079c 666C6173 		.ascii	"flashCtlMainWs2Freq\000"
 1889      6843746C 
 1889      4D61696E 
 1889      57733246 
 1889      72657100 
 1890              	.LASF121:
 1891 07b0 6D617374 		.ascii	"masterPause\000"
 1891      65725061 
 1891      75736500 
ARM GAS  C:\Users\markm\AppData\Local\Temp\ccy9L8nc.s 			page 42


 1892              	.LASF116:
 1893 07bc 63795F63 		.ascii	"cy_cb_scb_i2c_handle_addr_t\000"
 1893      625F7363 
 1893      625F6932 
 1893      635F6861 
 1893      6E646C65 
 1894              	.LASF20:
 1895 07d8 666C6173 		.ascii	"flashcBase\000"
 1895      68634261 
 1895      736500
 1896              	.LASF166:
 1897 07e3 636F6D70 		.ascii	"compareOrCapture\000"
 1897      6172654F 
 1897      72436170 
 1897      74757265 
 1897      00
 1898              	.LASF126:
 1899 07f4 6D617374 		.ascii	"masterNumBytes\000"
 1899      65724E75 
 1899      6D427974 
 1899      657300
 1900              	.LASF132:
 1901 0803 736C6176 		.ascii	"slaveTxBufferCnt\000"
 1901      65547842 
 1901      75666665 
 1901      72436E74 
 1901      00
 1902              	.LASF60:
 1903 0814 666C6173 		.ascii	"flashEraseDelay\000"
 1903      68457261 
 1903      73654465 
 1903      6C617900 
 1904              	.LASF16:
 1905 0824 75696E74 		.ascii	"uint32_t\000"
 1905      33325F74 
 1905      00
 1906              	.LASF138:
 1907 082d 63795F73 		.ascii	"cy_stc_scb_i2c_context_t\000"
 1907      74635F73 
 1907      63625F69 
 1907      32635F63 
 1907      6F6E7465 
 1908              	.LASF189:
 1909 0846 474E5520 		.ascii	"GNU C11 5.4.1 20160609 (release) [ARM/embedded-5-br"
 1909      43313120 
 1909      352E342E 
 1909      31203230 
 1909      31363036 
 1910 0879 616E6368 		.ascii	"anch revision 237715] -mcpu=cortex-m0plus -mthumb -"
 1910      20726576 
 1910      6973696F 
 1910      6E203233 
 1910      37373135 
 1911 08ac 67202D4F 		.ascii	"g -Og -ffunction-sections -ffat-lto-objects\000"
 1911      67202D66 
 1911      66756E63 
 1911      74696F6E 
ARM GAS  C:\Users\markm\AppData\Local\Temp\ccy9L8nc.s 			page 43


 1911      2D736563 
 1912              	.LASF111:
 1913 08d8 5F426F6F 		.ascii	"_Bool\000"
 1913      6C00
 1914              	.LASF18:
 1915 08de 6C6F6E67 		.ascii	"long double\000"
 1915      20646F75 
 1915      626C6500 
 1916              	.LASF106:
 1917 08ea 63686172 		.ascii	"char\000"
 1917      00
 1918              	.LASF180:
 1919 08ef 636F756E 		.ascii	"countInput\000"
 1919      74496E70 
 1919      757400
 1920              	.LASF37:
 1921 08fa 70726F74 		.ascii	"protVersion\000"
 1921      56657273 
 1921      696F6E00 
 1922              	.LASF100:
 1923 0906 63707573 		.ascii	"cpussRam0Ctl0\000"
 1923      7352616D 
 1923      3043746C 
 1923      3000
 1924              	.LASF2:
 1925 0914 7369676E 		.ascii	"signed char\000"
 1925      65642063 
 1925      68617200 
 1926              	.LASF5:
 1927 0920 5F5F7569 		.ascii	"__uint16_t\000"
 1927      6E743136 
 1927      5F7400
 1928              	.LASF81:
 1929 092b 70657269 		.ascii	"periDiv16CtlOffset\000"
 1929      44697631 
 1929      3643746C 
 1929      4F666673 
 1929      657400
 1930              	.LASF110:
 1931 093e 43595F53 		.ascii	"CY_SYSPM_WAIT_FOR_EVENT\000"
 1931      5953504D 
 1931      5F574149 
 1931      545F464F 
 1931      525F4556 
 1932              	.LASF123:
 1933 0956 6D617374 		.ascii	"masterBuffer\000"
 1933      65724275 
 1933      66666572 
 1933      00
 1934              	.LASF34:
 1935 0963 6873696F 		.ascii	"hsiomVersion\000"
 1935      6D566572 
 1935      73696F6E 
 1935      00
 1936              	.LASF59:
 1937 0970 666C6173 		.ascii	"flashProgramDelay\000"
 1937      6850726F 
ARM GAS  C:\Users\markm\AppData\Local\Temp\ccy9L8nc.s 			page 44


 1937      6772616D 
 1937      44656C61 
 1937      7900
 1938              	.LASF44:
 1939 0982 63707573 		.ascii	"cpussNotConnectedIrq\000"
 1939      734E6F74 
 1939      436F6E6E 
 1939      65637465 
 1939      64497271 
 1940              	.LASF156:
 1941 0997 72785269 		.ascii	"rxRingBufSize\000"
 1941      6E674275 
 1941      6653697A 
 1941      6500
 1942              	.LASF174:
 1943 09a5 72656C6F 		.ascii	"reloadInput\000"
 1943      6164496E 
 1943      70757400 
 1944              	.LASF6:
 1945 09b1 73686F72 		.ascii	"short unsigned int\000"
 1945      7420756E 
 1945      7369676E 
 1945      65642069 
 1945      6E7400
 1946              	.LASF67:
 1947 09c4 64774368 		.ascii	"dwChSize\000"
 1947      53697A65 
 1947      00
 1948              	.LASF178:
 1949 09cd 73746F70 		.ascii	"stopInput\000"
 1949      496E7075 
 1949      7400
 1950              	.LASF109:
 1951 09d7 43595F53 		.ascii	"CY_SYSPM_WAIT_FOR_INTERRUPT\000"
 1951      5953504D 
 1951      5F574149 
 1951      545F464F 
 1951      525F494E 
 1952              	.LASF117:
 1953 09f3 75736552 		.ascii	"useRxFifo\000"
 1953      78466966 
 1953      6F00
 1954              	.LASF191:
 1955 09fd 433A5C55 		.ascii	"C:\\Users\\markm\\Desktop\\GBM2100 - Projet Instrum"
 1955      73657273 
 1955      5C6D6172 
 1955      6B6D5C44 
 1955      65736B74 
 1956 0a2c 5C50726F 		.ascii	"\\Projet\\SourceTree_Files\\GBM2100_ProjetInterface"
 1956      6A65745C 
 1956      536F7572 
 1956      63655472 
 1956      65655F46 
 1957 0a5c 5C496E74 		.ascii	"\\Interface.cydsn\000"
 1957      65726661 
 1957      63652E63 
 1957      7964736E 
ARM GAS  C:\Users\markm\AppData\Local\Temp\ccy9L8nc.s 			page 45


 1957      00
 1958              	.LASF42:
 1959 0a6d 63707573 		.ascii	"cpussIpc0Irq\000"
 1959      73497063 
 1959      30497271 
 1959      00
 1960              	.LASF167:
 1961 0a7a 636F6D70 		.ascii	"compare0\000"
 1961      61726530 
 1961      00
 1962              	.LASF183:
 1963 0a83 43595F45 		.ascii	"CY_EINK_SPIM_context\000"
 1963      494E4B5F 
 1963      5350494D 
 1963      5F636F6E 
 1963      74657874 
 1964              	.LASF168:
 1965 0a98 636F6D70 		.ascii	"compare1\000"
 1965      61726531 
 1965      00
 1966              	.LASF89:
 1967 0aa1 63707573 		.ascii	"cpussCm0ClockCtlOffset\000"
 1967      73436D30 
 1967      436C6F63 
 1967      6B43746C 
 1967      4F666673 
 1968              	.LASF85:
 1969 0ab8 6770696F 		.ascii	"gpioPrtCfgOffset\000"
 1969      50727443 
 1969      66674F66 
 1969      66736574 
 1969      00
 1970              	.LASF149:
 1971 0ac9 696E6974 		.ascii	"initKey\000"
 1971      4B657900 
 1972              	.LASF143:
 1973 0ad1 72784275 		.ascii	"rxBuf\000"
 1973      6600
 1974              	.LASF129:
 1975 0ad7 736C6176 		.ascii	"slaveTxBuffer\000"
 1975      65547842 
 1975      75666665 
 1975      7200
 1976              	.LASF130:
 1977 0ae5 736C6176 		.ascii	"slaveTxBufferSize\000"
 1977      65547842 
 1977      75666665 
 1977      7253697A 
 1977      6500
 1978              	.LASF160:
 1979 0af7 63795F73 		.ascii	"cy_stc_scb_uart_context_t\000"
 1979      74635F73 
 1979      63625F75 
 1979      6172745F 
 1979      636F6E74 
 1980              	.LASF47:
 1981 0b11 73727373 		.ascii	"srssNumHfroot\000"
ARM GAS  C:\Users\markm\AppData\Local\Temp\ccy9L8nc.s 			page 46


 1981      4E756D48 
 1981      66726F6F 
 1981      7400
 1982              	.LASF142:
 1983 0b1f 73746174 		.ascii	"status\000"
 1983      757300
 1984              	.LASF114:
 1985 0b26 63795F65 		.ascii	"cy_en_scb_i2c_command_t\000"
 1985      6E5F7363 
 1985      625F6932 
 1985      635F636F 
 1985      6D6D616E 
 1986              	.LASF98:
 1987 0b3e 63707573 		.ascii	"cpussCm4NmiCtlOffset\000"
 1987      73436D34 
 1987      4E6D6943 
 1987      746C4F66 
 1987      66736574 
 1988              	.LASF58:
 1989 0b53 666C6173 		.ascii	"flashWriteDelay\000"
 1989      68577269 
 1989      74654465 
 1989      6C617900 
 1990              	.LASF13:
 1991 0b63 75696E74 		.ascii	"uint8_t\000"
 1991      385F7400 
 1992              	.LASF184:
 1993 0b6b 43595F45 		.ascii	"CY_EINK_Timer_config\000"
 1993      494E4B5F 
 1993      54696D65 
 1993      725F636F 
 1993      6E666967 
 1994              	.LASF91:
 1995 0b80 63707573 		.ascii	"cpussCm4StatusOffset\000"
 1995      73436D34 
 1995      53746174 
 1995      75734F66 
 1995      66736574 
 1996              	.LASF84:
 1997 0b95 6770696F 		.ascii	"gpioPrtIntrCfgOffset\000"
 1997      50727449 
 1997      6E747243 
 1997      66674F66 
 1997      66736574 
 1998              	.LASF173:
 1999 0baa 72656C6F 		.ascii	"reloadInputMode\000"
 1999      6164496E 
 1999      7075744D 
 1999      6F646500 
 2000              	.LASF158:
 2001 0bba 72785269 		.ascii	"rxRingBufTail\000"
 2001      6E674275 
 2001      66546169 
 2001      6C00
 2002              	.LASF95:
 2003 0bc8 63707573 		.ascii	"cpussTrimRomCtlOffset\000"
 2003      73547269 
ARM GAS  C:\Users\markm\AppData\Local\Temp\ccy9L8nc.s 			page 47


 2003      6D526F6D 
 2003      43746C4F 
 2003      66667365 
 2004              	.LASF179:
 2005 0bde 636F756E 		.ascii	"countInputMode\000"
 2005      74496E70 
 2005      75744D6F 
 2005      646500
 2006              	.LASF31:
 2007 0bed 64775665 		.ascii	"dwVersion\000"
 2007      7273696F 
 2007      6E00
 2008              	.LASF27:
 2009 0bf7 69706342 		.ascii	"ipcBase\000"
 2009      61736500 
 2010              	.LASF78:
 2011 0bff 70657269 		.ascii	"periDivCmdPaDivSelPos\000"
 2011      44697643 
 2011      6D645061 
 2011      44697653 
 2011      656C506F 
 2012              	.LASF152:
 2013 0c15 63795F73 		.ascii	"cy_stc_scb_uart_context\000"
 2013      74635F73 
 2013      63625F75 
 2013      6172745F 
 2013      636F6E74 
 2014              	.LASF56:
 2015 0c2d 666C6173 		.ascii	"flashRwwRequired\000"
 2015      68527777 
 2015      52657175 
 2015      69726564 
 2015      00
 2016              	.LASF148:
 2017 0c3e 74784275 		.ascii	"txBufIdx\000"
 2017      66496478 
 2017      00
 2018              		.ident	"GCC: (GNU Tools for ARM Embedded Processors) 5.4.1 20160609 (release) [ARM/embedded-5-bran
